2015-08-03 08:21:45 - displayPerson()
2015-08-03 08:23:30 - userForm()
2015-08-03 08:24:56 - displayPerson()
2015-08-03 08:25:03 - userForm()
2015-08-03 08:26:20 - userForm()
2015-08-03 08:26:23 - userForm()
2015-08-03 08:30:27 - userForm()
2015-08-03 08:51:27 - userForm()
2015-08-03 08:52:04 - userForm()
2015-08-03 08:52:07 - userForm()
2015-08-03 08:57:16 - userForm()
2015-08-03 08:59:45 - userForm()
2015-08-03 08:59:46 - userForm()
2015-08-03 08:59:48 - userForm()
2015-08-03 09:06:10 - displayPerson()
2015-08-03 09:06:14 - userForm()
2015-08-03 09:07:13 - userForm()
2015-08-03 09:07:15 - userForm()
2015-08-03 09:13:14 - userForm()
2015-08-03 09:16:14 - userForm()
2015-08-03 09:20:58 - userForm()
2015-08-03 09:23:13 - userForm()
2015-08-03 09:25:48 - userForm()
2015-08-03 09:26:07 - userForm()
2015-08-03 09:35:00 - displayPerson()
2015-08-03 09:55:27 - userForm()
2015-08-03 09:58:25 - userForm()
2015-08-03 10:21:08 - userForm()
2015-08-03 10:21:21 - displayPerson()
2015-08-03 10:21:35 - displayPerson()
2015-08-03 10:21:36 - displayPerson()
2015-08-03 10:21:39 - displayPerson()
2015-08-03 10:21:50 - displayPerson()
2015-08-03 10:27:08 - displayPerson()
2015-08-03 10:28:01 - displayPerson()
2015-08-03 10:28:05 - displayPerson()
2015-08-03 10:28:09 - updatePerson()
2015-08-03 10:28:12 - updatePerson()
2015-08-03 10:28:13 - updatePerson()
2015-08-03 10:28:14 - updatePerson()
2015-08-03 10:28:14 - updatePerson()
2015-08-03 10:28:15 - updatePerson()
2015-08-03 10:28:18 - updatePerson()
2015-08-03 10:28:55 - updatePerson()
2015-08-03 10:28:56 - updatePerson()
2015-08-03 10:30:35 - displayPerson()
2015-08-03 10:31:16 - displayPerson()
2015-08-03 10:31:18 - updatePerson()
2015-08-03 10:32:38 - updatePerson()
2015-08-03 10:32:41 - displayPerson()
2015-08-03 10:32:59 - userForm()
2015-08-03 10:33:37 - displayPerson()
2015-08-03 10:33:38 - updatePerson()
2015-08-03 10:49:42 - displayPerson()
2015-08-03 10:49:49 - updatePerson()
2015-08-03 10:51:13 - updatePerson()
2015-08-03 10:52:13 - updatePerson()
2015-08-03 10:53:15 - updatePerson()
2015-08-03 10:53:22 - saveOrUpdateUser()
2015-08-03 10:53:29 - saveOrUpdateUser()
2015-08-03 10:53:35 - saveOrUpdateUser()
2015-08-03 10:53:35 - saveOrUpdateUser()
2015-08-03 10:54:33 - updatePerson()
2015-08-03 10:54:35 - saveOrUpdateUser()
2015-08-03 10:54:55 - updatePerson()
2015-08-03 10:54:57 - saveOrUpdateUser()
2015-08-03 10:55:01 - updatePerson()
2015-08-03 10:55:04 - saveOrUpdateUser()
2015-08-03 10:55:06 - saveOrUpdateUser()
2015-08-03 10:55:07 - saveOrUpdateUser()
2015-08-03 10:55:07 - saveOrUpdateUser()
2015-08-03 10:55:07 - saveOrUpdateUser()
2015-08-03 10:55:29 - updatePerson()
2015-08-03 10:55:31 - saveOrUpdateUser()
2015-08-03 10:57:30 - updatePerson()
2015-08-03 10:58:31 - updatePerson()
2015-08-03 10:58:39 - saveOrUpdateUser()
2015-08-03 10:58:39 - ERROR: null value in column "first_name" violates not-null constraint
2015-08-03 11:00:24 - updatePerson()
2015-08-03 11:01:01 - updatePerson()
2015-08-03 11:01:50 - updatePerson()
2015-08-03 11:02:02 - updatePerson()
2015-08-03 11:02:04 - updatePerson()
2015-08-03 11:08:18 - updatePerson()
2015-08-03 11:09:12 - updatePerson()
2015-08-03 11:09:19 - saveOrUpdateUser()
2015-08-03 11:09:24 - saveOrUpdateUser()
2015-08-03 11:11:44 - updatePerson()
2015-08-03 11:12:50 - updatePerson()
2015-08-03 11:13:21 - updatePerson()
2015-08-03 11:13:23 - updatePerson()
2015-08-03 11:43:10 - displayPerson()
2015-08-03 11:43:40 - updatePerson()
2015-08-03 11:46:42 - displayPerson()
2015-08-03 11:53:31 - updatePerson()
2015-08-03 11:54:22 - updatePerson()
2015-08-03 12:08:31 - updatePerson()
2015-08-03 12:08:34 - updatePerson()
2015-08-03 12:08:47 - displayPerson()
2015-08-03 12:08:54 - userForm()
2015-08-03 13:07:18 - userForm()
2015-08-03 13:07:38 - userForm()
2015-08-03 13:07:38 - userForm()
2015-08-03 13:07:48 - displayPerson()
2015-08-03 13:07:51 - updatePerson()
2015-08-03 13:08:31 - updatePerson()
2015-08-03 13:08:47 - updatePerson()
2015-08-03 13:09:00 - updatePerson()
2015-08-03 13:09:13 - updatePerson()
2015-08-03 13:09:27 - updatePerson()
2015-08-03 13:09:45 - updatePerson()
2015-08-03 13:11:05 - updatePerson()
2015-08-03 13:12:05 - updatePerson()
2015-08-03 13:13:02 - updatePerson()
2015-08-03 13:13:04 - updatePerson()
2015-08-03 13:26:03 - displayPerson()
2015-08-03 13:27:48 - displayPerson()
2015-08-03 13:29:27 - displayPerson()
2015-08-03 13:35:23 - displayPerson()
2015-08-03 13:36:20 - displayPerson()
2015-08-03 13:37:31 - displayPerson()
2015-08-03 13:48:07 - displayPerson()
2015-08-03 13:48:46 - displayPerson()
2015-08-03 13:49:48 - displayPerson()
2015-08-03 13:49:50 - displayPerson()
2015-08-03 13:50:05 - displayPerson()
2015-08-03 13:50:07 - displayPerson()
2015-08-03 13:50:12 - displayPerson()
2015-08-03 13:50:24 - displayPerson()
2015-08-03 13:51:40 - displayPerson()
2015-08-03 13:51:46 - displayPerson()
2015-08-03 13:52:02 - displayPerson()
2015-08-03 13:55:21 - displayPerson()
2015-08-03 14:00:12 - displayPerson()
2015-08-03 14:01:51 - displayPerson()
2015-08-03 14:04:55 - displayPerson()
2015-08-03 14:05:04 - delete persons()
2015-08-03 14:05:10 - displayPerson()
2015-08-03 14:05:15 - delete persons()
2015-08-03 14:05:17 - delete persons()
2015-08-03 14:05:19 - displayPerson()
2015-08-03 14:05:42 - delete persons()
2015-08-03 14:05:47 - displayPerson()
2015-08-03 14:05:53 - displayPerson()
2015-08-03 14:10:03 - displayPerson()
2015-08-03 14:10:20 - displayPerson()
2015-08-03 14:10:22 - displayPerson()
2015-08-03 14:10:25 - delete persons()
2015-08-03 14:10:29 - displayPerson()
2015-08-03 14:11:10 - delete persons()
2015-08-03 14:11:11 - delete persons()
2015-08-03 14:11:13 - displayPerson()
2015-08-03 14:15:24 - displayPerson()
2015-08-03 14:15:28 - updatePerson()
2015-08-03 14:16:25 - updatePerson()
2015-08-03 14:19:16 - displayPerson()
2015-08-03 14:21:11 - displayPerson()
2015-08-03 14:21:18 - updatePerson()
2015-08-03 14:21:23 - displayPerson()
2015-08-03 14:21:26 - userForm()
2015-08-03 14:21:41 - userForm()
2015-08-03 14:22:56 - userForm()
2015-08-03 14:23:24 - displayPerson()
2015-08-03 14:23:30 - updatePerson()
2015-08-03 14:23:38 - displayPerson()
2015-08-03 14:24:27 - displayPerson()
