2015-07-31 10:33:21 - Context initialization failed
org.springframework.beans.factory.BeanCreationException: Error creating bean with name 'hibernateUtil' defined in class path resource [dao.xml]: Initialization of bean failed; nested exception is org.springframework.beans.factory.BeanCreationException: Error creating bean with name 'sessionFactory' defined in class path resource [hibernate.xml]: Invocation of init method failed; nested exception is org.hibernate.AnnotationException: Use of @OneToMany or @ManyToMany targeting an unmapped class: hibernateactivity.core.model.Person.project[hibernateactivity.core.model.Projects]
	at org.springframework.beans.factory.support.AbstractAutowireCapableBeanFactory.doCreateBean(AbstractAutowireCapableBeanFactory.java:547) ~[spring-beans-4.1.7.RELEASE.jar:4.1.7.RELEASE]
	at org.springframework.beans.factory.support.AbstractAutowireCapableBeanFactory.createBean(AbstractAutowireCapableBeanFactory.java:476) ~[spring-beans-4.1.7.RELEASE.jar:4.1.7.RELEASE]
	at org.springframework.beans.factory.support.AbstractBeanFactory$1.getObject(AbstractBeanFactory.java:303) ~[spring-beans-4.1.7.RELEASE.jar:4.1.7.RELEASE]
	at org.springframework.beans.factory.support.DefaultSingletonBeanRegistry.getSingleton(DefaultSingletonBeanRegistry.java:230) ~[spring-beans-4.1.7.RELEASE.jar:4.1.7.RELEASE]
	at org.springframework.beans.factory.support.AbstractBeanFactory.doGetBean(AbstractBeanFactory.java:299) ~[spring-beans-4.1.7.RELEASE.jar:4.1.7.RELEASE]
	at org.springframework.beans.factory.support.AbstractBeanFactory.getBean(AbstractBeanFactory.java:194) ~[spring-beans-4.1.7.RELEASE.jar:4.1.7.RELEASE]
	at org.springframework.beans.factory.support.DefaultListableBeanFactory.preInstantiateSingletons(DefaultListableBeanFactory.java:755) ~[spring-beans-4.1.7.RELEASE.jar:4.1.7.RELEASE]
	at org.springframework.context.support.AbstractApplicationContext.finishBeanFactoryInitialization(AbstractApplicationContext.java:757) ~[spring-context-4.1.7.RELEASE.jar:4.1.7.RELEASE]
	at org.springframework.context.support.AbstractApplicationContext.refresh(AbstractApplicationContext.java:480) ~[spring-context-4.1.7.RELEASE.jar:4.1.7.RELEASE]
	at org.springframework.web.context.ContextLoader.configureAndRefreshWebApplicationContext(ContextLoader.java:434) ~[spring-web-4.1.7.RELEASE.jar:4.1.7.RELEASE]
	at org.springframework.web.context.ContextLoader.initWebApplicationContext(ContextLoader.java:306) ~[spring-web-4.1.7.RELEASE.jar:4.1.7.RELEASE]
	at org.springframework.web.context.ContextLoaderListener.contextInitialized(ContextLoaderListener.java:106) [spring-web-4.1.7.RELEASE.jar:4.1.7.RELEASE]
	at org.eclipse.jetty.server.handler.ContextHandler.callContextInitialized(ContextHandler.java:782) [jetty-server-8.1.16.v20140903.jar:8.1.16.v20140903]
	at org.eclipse.jetty.servlet.ServletContextHandler.callContextInitialized(ServletContextHandler.java:424) [jetty-servlet-8.1.16.v20140903.jar:8.1.16.v20140903]
	at org.eclipse.jetty.server.handler.ContextHandler.startContext(ContextHandler.java:774) [jetty-server-8.1.16.v20140903.jar:8.1.16.v20140903]
	at org.eclipse.jetty.servlet.ServletContextHandler.startContext(ServletContextHandler.java:249) [jetty-servlet-8.1.16.v20140903.jar:8.1.16.v20140903]
	at org.eclipse.jetty.webapp.WebAppContext.startContext(WebAppContext.java:1242) [jetty-webapp-8.1.16.v20140903.jar:8.1.16.v20140903]
	at org.eclipse.jetty.server.handler.ContextHandler.doStart(ContextHandler.java:717) [jetty-server-8.1.16.v20140903.jar:8.1.16.v20140903]
	at org.eclipse.jetty.webapp.WebAppContext.doStart(WebAppContext.java:494) [jetty-webapp-8.1.16.v20140903.jar:8.1.16.v20140903]
	at org.mortbay.jetty.plugin.JettyWebAppContext.doStart(JettyWebAppContext.java:298) [jetty-maven-plugin-8.1.16.v20140903.jar:8.1.16.v20140903]
	at org.eclipse.jetty.util.component.AbstractLifeCycle.start(AbstractLifeCycle.java:64) [jetty-util-8.1.16.v20140903.jar:8.1.16.v20140903]
	at org.eclipse.jetty.server.handler.HandlerCollection.doStart(HandlerCollection.java:229) [jetty-server-8.1.16.v20140903.jar:8.1.16.v20140903]
	at org.eclipse.jetty.server.handler.ContextHandlerCollection.doStart(ContextHandlerCollection.java:172) [jetty-server-8.1.16.v20140903.jar:8.1.16.v20140903]
	at org.eclipse.jetty.util.component.AbstractLifeCycle.start(AbstractLifeCycle.java:64) [jetty-util-8.1.16.v20140903.jar:8.1.16.v20140903]
	at org.eclipse.jetty.server.handler.HandlerCollection.doStart(HandlerCollection.java:229) [jetty-server-8.1.16.v20140903.jar:8.1.16.v20140903]
	at org.eclipse.jetty.util.component.AbstractLifeCycle.start(AbstractLifeCycle.java:64) [jetty-util-8.1.16.v20140903.jar:8.1.16.v20140903]
	at org.eclipse.jetty.server.handler.HandlerWrapper.doStart(HandlerWrapper.java:95) [jetty-server-8.1.16.v20140903.jar:8.1.16.v20140903]
	at org.eclipse.jetty.server.Server.doStart(Server.java:282) [jetty-server-8.1.16.v20140903.jar:8.1.16.v20140903]
	at org.mortbay.jetty.plugin.JettyServer.doStart(JettyServer.java:65) [jetty-maven-plugin-8.1.16.v20140903.jar:8.1.16.v20140903]
	at org.eclipse.jetty.util.component.AbstractLifeCycle.start(AbstractLifeCycle.java:64) [jetty-util-8.1.16.v20140903.jar:8.1.16.v20140903]
	at org.mortbay.jetty.plugin.AbstractJettyMojo.startJetty(AbstractJettyMojo.java:520) [jetty-maven-plugin-8.1.16.v20140903.jar:8.1.16.v20140903]
	at org.mortbay.jetty.plugin.AbstractJettyMojo.execute(AbstractJettyMojo.java:365) [jetty-maven-plugin-8.1.16.v20140903.jar:8.1.16.v20140903]
	at org.mortbay.jetty.plugin.JettyRunMojo.execute(JettyRunMojo.java:523) [jetty-maven-plugin-8.1.16.v20140903.jar:8.1.16.v20140903]
	at org.apache.maven.plugin.DefaultBuildPluginManager.executeMojo(DefaultBuildPluginManager.java:101) [maven-core-3.0.4.jar:na]
	at org.apache.maven.lifecycle.internal.MojoExecutor.execute(MojoExecutor.java:209) [maven-core-3.0.4.jar:na]
	at org.apache.maven.lifecycle.internal.MojoExecutor.execute(MojoExecutor.java:153) [maven-core-3.0.4.jar:na]
	at org.apache.maven.lifecycle.internal.MojoExecutor.execute(MojoExecutor.java:145) [maven-core-3.0.4.jar:na]
	at org.apache.maven.lifecycle.internal.LifecycleModuleBuilder.buildProject(LifecycleModuleBuilder.java:84) [maven-core-3.0.4.jar:na]
	at org.apache.maven.lifecycle.internal.LifecycleModuleBuilder.buildProject(LifecycleModuleBuilder.java:59) [maven-core-3.0.4.jar:na]
	at org.apache.maven.lifecycle.internal.LifecycleStarter.singleThreadedBuild(LifecycleStarter.java:183) [maven-core-3.0.4.jar:na]
	at org.apache.maven.lifecycle.internal.LifecycleStarter.execute(LifecycleStarter.java:161) [maven-core-3.0.4.jar:na]
	at org.apache.maven.DefaultMaven.doExecute(DefaultMaven.java:320) [maven-core-3.0.4.jar:na]
	at org.apache.maven.DefaultMaven.execute(DefaultMaven.java:156) [maven-core-3.0.4.jar:na]
	at org.apache.maven.cli.MavenCli.execute(MavenCli.java:537) [maven-embedder-3.0.4.jar:na]
	at org.apache.maven.cli.MavenCli.doMain(MavenCli.java:196) [maven-embedder-3.0.4.jar:na]
	at org.apache.maven.cli.MavenCli.main(MavenCli.java:141) [maven-embedder-3.0.4.jar:na]
	at sun.reflect.NativeMethodAccessorImpl.invoke0(Native Method) ~[na:1.8.0_45]
	at sun.reflect.NativeMethodAccessorImpl.invoke(NativeMethodAccessorImpl.java:62) ~[na:1.8.0_45]
	at sun.reflect.DelegatingMethodAccessorImpl.invoke(DelegatingMethodAccessorImpl.java:43) ~[na:1.8.0_45]
	at java.lang.reflect.Method.invoke(Method.java:497) ~[na:1.8.0_45]
	at org.codehaus.plexus.classworlds.launcher.Launcher.launchEnhanced(Launcher.java:290) [plexus-classworlds2-2.4.jar:na]
	at org.codehaus.plexus.classworlds.launcher.Launcher.launch(Launcher.java:230) [plexus-classworlds2-2.4.jar:na]
	at org.codehaus.plexus.classworlds.launcher.Launcher.mainWithExitCode(Launcher.java:409) [plexus-classworlds2-2.4.jar:na]
	at org.codehaus.plexus.classworlds.launcher.Launcher.main(Launcher.java:352) [plexus-classworlds2-2.4.jar:na]
Caused by: org.springframework.beans.factory.BeanCreationException: Error creating bean with name 'sessionFactory' defined in class path resource [hibernate.xml]: Invocation of init method failed; nested exception is org.hibernate.AnnotationException: Use of @OneToMany or @ManyToMany targeting an unmapped class: hibernateactivity.core.model.Person.project[hibernateactivity.core.model.Projects]
	at org.springframework.beans.factory.support.AbstractAutowireCapableBeanFactory.initializeBean(AbstractAutowireCapableBeanFactory.java:1574) ~[spring-beans-4.1.7.RELEASE.jar:4.1.7.RELEASE]
	at org.springframework.beans.factory.support.AbstractAutowireCapableBeanFactory.doCreateBean(AbstractAutowireCapableBeanFactory.java:539) ~[spring-beans-4.1.7.RELEASE.jar:4.1.7.RELEASE]
	at org.springframework.beans.factory.support.AbstractAutowireCapableBeanFactory.createBean(AbstractAutowireCapableBeanFactory.java:476) ~[spring-beans-4.1.7.RELEASE.jar:4.1.7.RELEASE]
	at org.springframework.beans.factory.support.AbstractBeanFactory$1.getObject(AbstractBeanFactory.java:303) ~[spring-beans-4.1.7.RELEASE.jar:4.1.7.RELEASE]
	at org.springframework.beans.factory.support.DefaultSingletonBeanRegistry.getSingleton(DefaultSingletonBeanRegistry.java:230) ~[spring-beans-4.1.7.RELEASE.jar:4.1.7.RELEASE]
	at org.springframework.beans.factory.support.AbstractBeanFactory.doGetBean(AbstractBeanFactory.java:299) ~[spring-beans-4.1.7.RELEASE.jar:4.1.7.RELEASE]
	at org.springframework.beans.factory.support.AbstractBeanFactory.getBean(AbstractBeanFactory.java:194) ~[spring-beans-4.1.7.RELEASE.jar:4.1.7.RELEASE]
	at org.springframework.beans.factory.support.AbstractAutowireCapableBeanFactory.autowireByName(AbstractAutowireCapableBeanFactory.java:1240) ~[spring-beans-4.1.7.RELEASE.jar:4.1.7.RELEASE]
	at org.springframework.beans.factory.support.AbstractAutowireCapableBeanFactory.populateBean(AbstractAutowireCapableBeanFactory.java:1190) ~[spring-beans-4.1.7.RELEASE.jar:4.1.7.RELEASE]
	at org.springframework.beans.factory.support.AbstractAutowireCapableBeanFactory.doCreateBean(AbstractAutowireCapableBeanFactory.java:537) ~[spring-beans-4.1.7.RELEASE.jar:4.1.7.RELEASE]
	... 53 common frames omitted
Caused by: org.hibernate.AnnotationException: Use of @OneToMany or @ManyToMany targeting an unmapped class: hibernateactivity.core.model.Person.project[hibernateactivity.core.model.Projects]
	at org.hibernate.cfg.annotations.CollectionBinder.bindManyToManySecondPass(CollectionBinder.java:1135) ~[hibernate-core-4.3.10.Final.jar:4.3.10.Final]
	at org.hibernate.cfg.annotations.CollectionBinder.bindStarToManySecondPass(CollectionBinder.java:794) ~[hibernate-core-4.3.10.Final.jar:4.3.10.Final]
	at org.hibernate.cfg.annotations.CollectionBinder$1.secondPass(CollectionBinder.java:729) ~[hibernate-core-4.3.10.Final.jar:4.3.10.Final]
	at org.hibernate.cfg.CollectionSecondPass.doSecondPass(CollectionSecondPass.java:70) ~[hibernate-core-4.3.10.Final.jar:4.3.10.Final]
	at org.hibernate.cfg.Configuration.originalSecondPassCompile(Configuration.java:1697) ~[hibernate-core-4.3.10.Final.jar:4.3.10.Final]
	at org.hibernate.cfg.Configuration.secondPassCompile(Configuration.java:1426) ~[hibernate-core-4.3.10.Final.jar:4.3.10.Final]
	at org.hibernate.cfg.Configuration.buildSessionFactory(Configuration.java:1846) ~[hibernate-core-4.3.10.Final.jar:4.3.10.Final]
	at org.hibernate.cfg.Configuration.buildSessionFactory(Configuration.java:1930) ~[hibernate-core-4.3.10.Final.jar:4.3.10.Final]
	at org.springframework.orm.hibernate4.LocalSessionFactoryBuilder.buildSessionFactory(LocalSessionFactoryBuilder.java:372) ~[spring-orm-4.1.7.RELEASE.jar:4.1.7.RELEASE]
	at org.springframework.orm.hibernate4.LocalSessionFactoryBean.buildSessionFactory(LocalSessionFactoryBean.java:454) ~[spring-orm-4.1.7.RELEASE.jar:4.1.7.RELEASE]
	at org.springframework.orm.hibernate4.LocalSessionFactoryBean.afterPropertiesSet(LocalSessionFactoryBean.java:439) ~[spring-orm-4.1.7.RELEASE.jar:4.1.7.RELEASE]
	at org.springframework.beans.factory.support.AbstractAutowireCapableBeanFactory.invokeInitMethods(AbstractAutowireCapableBeanFactory.java:1633) ~[spring-beans-4.1.7.RELEASE.jar:4.1.7.RELEASE]
	at org.springframework.beans.factory.support.AbstractAutowireCapableBeanFactory.initializeBean(AbstractAutowireCapableBeanFactory.java:1570) ~[spring-beans-4.1.7.RELEASE.jar:4.1.7.RELEASE]
	... 62 common frames omitted
2015-07-31 10:36:38 - displayPerson()
2015-07-31 10:47:20 - displayPerson()
2015-07-31 10:47:25 - userForm()
2015-07-31 10:49:59 - userForm()
2015-07-31 10:50:02 - userForm()
2015-07-31 10:50:41 - userForm()
2015-07-31 10:50:44 - userForm()
2015-07-31 10:50:48 - userForm()
2015-07-31 10:51:04 - userForm()
2015-07-31 10:51:07 - userForm()
2015-07-31 10:52:53 - userForm()
2015-07-31 10:52:55 - userForm()
2015-07-31 10:53:01 - userForm()
2015-07-31 11:43:58 - displayPerson()
2015-07-31 11:44:03 - displayPerson()
2015-07-31 11:44:10 - displayPerson()
2015-07-31 11:46:10 - displayPerson()
2015-07-31 11:46:12 - displayPerson()
2015-07-31 11:46:28 - userForm()
2015-07-31 11:46:31 - displayPerson()
2015-07-31 11:54:03 - displayPerson()
2015-07-31 11:54:07 - displayPerson()
2015-07-31 11:54:09 - displayPerson()
2015-07-31 11:54:11 - displayPerson()
2015-07-31 11:56:39 - displayPerson()
2015-07-31 13:14:05 - displayPerson()
2015-07-31 13:14:09 - userForm()
2015-07-31 13:14:28 - userForm()
2015-07-31 13:15:02 - userForm()
2015-07-31 14:29:46 - displayPerson()
2015-07-31 14:33:44 - displayPerson()
2015-07-31 14:35:01 - displayPerson()
2015-07-31 14:35:50 - displayPerson()
2015-07-31 14:35:52 - displayPerson()
2015-07-31 14:35:52 - displayPerson()
2015-07-31 14:35:52 - displayPerson()
2015-07-31 14:36:11 - displayPerson()
2015-07-31 14:36:41 - userForm()
2015-07-31 14:37:24 - userForm()
2015-07-31 14:37:26 - userForm()
2015-07-31 14:38:34 - userForm()
2015-07-31 14:39:26 - userForm()
2015-07-31 14:40:45 - userForm()
2015-07-31 14:41:32 - userForm()
2015-07-31 14:41:34 - userForm()
2015-07-31 14:42:00 - userForm()
2015-07-31 14:42:03 - userForm()
2015-07-31 14:42:07 - userForm()
2015-07-31 14:43:02 - userForm()
2015-07-31 14:43:05 - userForm()
2015-07-31 14:43:25 - userForm()
2015-07-31 14:45:03 - displayPerson()
2015-07-31 14:45:18 - userForm()
2015-07-31 14:45:47 - displayPerson()
2015-07-31 14:50:45 - displayPerson()
2015-07-31 14:50:49 - displayPerson()
2015-07-31 14:50:51 - displayPerson()
2015-07-31 14:55:20 - displayPerson()
2015-07-31 14:56:01 - displayPerson()
2015-07-31 14:56:24 - displayPerson()
2015-07-31 14:56:28 - displayPerson()
2015-07-31 14:56:50 - displayPerson()
2015-07-31 14:57:18 - displayPerson()
2015-07-31 14:57:20 - displayPerson()
2015-07-31 14:57:48 - displayPerson()
2015-07-31 14:57:49 - displayPerson()
2015-07-31 14:58:24 - displayPerson()
2015-07-31 14:58:27 - displayPerson()
2015-07-31 14:58:36 - displayPerson()
2015-07-31 15:11:20 - displayPerson()
2015-07-31 15:12:23 - displayPerson()
2015-07-31 15:12:35 - displayPerson()
2015-07-31 15:14:07 - displayPerson()
2015-07-31 15:14:35 - displayPerson()
2015-07-31 15:14:38 - displayPerson()
2015-07-31 15:16:30 - displayPerson()
2015-07-31 15:16:35 - displayPerson()
2015-07-31 15:18:17 - displayPerson()
2015-07-31 15:18:43 - displayPerson()
2015-07-31 15:19:15 - displayPerson()
2015-07-31 15:19:21 - displayPerson()
2015-07-31 15:19:23 - displayPerson()
2015-07-31 15:24:32 - userForm()
2015-07-31 15:24:52 - userForm()
2015-07-31 15:33:30 - userForm()
2015-07-31 15:33:33 - userForm()
2015-07-31 15:34:27 - userForm()
2015-07-31 15:35:39 - displayPerson()
2015-07-31 15:53:10 - displayPerson()
2015-07-31 15:53:15 - displayPerson()
2015-07-31 16:00:05 - displayPerson()
2015-07-31 16:00:10 - userForm()
2015-07-31 16:00:42 - userForm()
2015-07-31 16:01:20 - userForm()
2015-07-31 16:01:22 - userForm()
2015-07-31 16:01:25 - userForm()
2015-07-31 16:18:01 - displayPerson()
2015-07-31 16:18:30 - displayPerson()
2015-07-31 16:18:36 - displayPerson()
2015-07-31 16:20:08 - displayPerson()
2015-07-31 16:22:15 - displayPerson()
2015-07-31 16:25:25 - displayPerson()
2015-07-31 16:26:23 - displayPerson()
2015-07-31 16:26:56 - displayPerson()
2015-07-31 16:26:59 - displayPerson()
2015-07-31 16:27:02 - displayPerson()
2015-07-31 16:27:04 - displayPerson()
2015-07-31 16:27:07 - displayPerson()
2015-07-31 16:27:08 - displayPerson()
2015-07-31 16:27:23 - displayPerson()
2015-07-31 16:27:30 - displayPerson()
2015-07-31 16:27:44 - displayPerson()
2015-07-31 16:27:55 - displayPerson()
2015-07-31 16:28:19 - displayPerson()
2015-07-31 16:29:16 - displayPerson()
2015-07-31 16:29:58 - displayPerson()
2015-07-31 16:29:59 - displayPerson()
2015-07-31 16:30:10 - displayPerson()
2015-07-31 16:30:30 - displayPerson()
2015-07-31 16:30:36 - displayPerson()
2015-07-31 16:31:01 - displayPerson()
2015-07-31 16:31:58 - displayPerson()
2015-07-31 16:32:00 - displayPerson()
2015-07-31 16:32:11 - displayPerson()
2015-07-31 16:32:13 - displayPerson()
2015-07-31 16:35:52 - displayPerson()
2015-07-31 16:37:08 - displayPerson()
2015-07-31 16:37:19 - delete persons()
2015-07-31 16:41:18 - delete persons()
2015-07-31 16:41:21 - displayPerson()
2015-07-31 16:49:50 - displayPerson()
2015-07-31 16:52:21 - displayPerson()
2015-07-31 16:52:28 - displayPerson()
2015-07-31 16:52:34 - delete persons()
2015-07-31 16:53:41 - displayPerson()
2015-07-31 16:54:03 - displayPerson()
2015-07-31 16:54:07 - displayPerson()
2015-07-31 16:54:38 - displayPerson()
2015-07-31 16:54:42 - displayPerson()
2015-07-31 16:55:36 - displayPerson()
2015-07-31 16:55:43 - displayPerson()
2015-07-31 16:56:58 - userForm()
2015-07-31 16:58:46 - userForm()
2015-07-31 16:59:45 - userForm()
2015-07-31 16:59:50 - userForm()
2015-07-31 17:01:09 - userForm()
2015-07-31 17:02:49 - userForm()
2015-07-31 17:05:22 - userForm()
2015-07-31 17:06:12 - userForm()
2015-07-31 17:06:14 - userForm()
