2015-08-04 08:33:02 - updatePerson()
2015-08-04 08:33:07 - displayPerson()
2015-08-04 08:33:12 - updatePerson()
2015-08-04 08:33:24 - displayPerson()
2015-08-04 08:33:33 - updatePerson()
2015-08-04 08:34:21 - updatePerson()
2015-08-04 08:35:05 - updatePerson()
2015-08-04 08:35:09 - updatePerson()
2015-08-04 08:35:41 - Adding person..
2015-08-04 08:45:58 - updatePerson()
2015-08-04 08:46:50 - updatePerson()
2015-08-04 08:46:57 - Adding person..
2015-08-04 08:48:08 - updatePerson()
2015-08-04 08:48:43 - Adding person..
2015-08-04 08:49:00 - updatePerson()
2015-08-04 08:49:07 - Adding person..
2015-08-04 08:49:29 - updatePerson()
2015-08-04 08:49:31 - Adding person..
2015-08-04 08:50:11 - updatePerson()
2015-08-04 08:50:29 - Adding person..
2015-08-04 09:00:42 - updatePerson()
2015-08-04 09:00:55 - Adding person..
2015-08-04 09:02:06 - updatePerson()
2015-08-04 09:21:51 - updatePerson()
2015-08-04 09:22:07 - Adding person..
2015-08-04 09:28:52 - updatePerson()
2015-08-04 09:28:56 - Adding person..
2015-08-04 09:43:15 - updatePerson()
2015-08-04 09:44:10 - Adding person..
2015-08-04 09:44:45 - updatePerson()
2015-08-04 09:44:53 - Adding person..
2015-08-04 09:47:00 - updatePerson()
2015-08-04 09:47:07 - Adding person..
2015-08-04 09:47:14 - displayPerson()
2015-08-04 09:47:28 - updatePerson()
2015-08-04 09:47:33 - Adding person..
2015-08-04 09:47:42 - Adding person..
2015-08-04 09:47:43 - displayPerson()
2015-08-04 09:55:01 - displayPerson()
2015-08-04 09:55:30 - delete persons()
2015-08-04 09:55:33 - delete persons()
2015-08-04 09:55:37 - delete persons()
2015-08-04 09:55:40 - delete persons()
2015-08-04 09:55:43 - delete persons()
2015-08-04 09:55:46 - updatePerson()
2015-08-04 09:56:06 - Adding/Saving person..
2015-08-04 09:56:09 - displayPerson()
2015-08-04 09:56:30 - updatePerson()
2015-08-04 09:56:37 - Adding/Saving person..
2015-08-04 09:56:40 - displayPerson()
2015-08-04 09:56:47 - delete persons()
2015-08-04 09:56:49 - delete persons()
2015-08-04 09:56:50 - delete persons()
2015-08-04 09:56:52 - delete persons()
2015-08-04 09:56:54 - delete persons()
2015-08-04 09:56:55 - delete persons()
2015-08-04 09:56:57 - delete persons()
2015-08-04 09:56:59 - delete persons()
2015-08-04 09:57:00 - delete persons()
2015-08-04 09:57:02 - delete persons()
2015-08-04 09:57:03 - delete persons()
2015-08-04 09:57:05 - displayPerson()
2015-08-04 09:57:12 - displayPerson()
2015-08-04 09:57:15 - displayPerson()
2015-08-04 09:57:20 - updatePerson()
2015-08-04 09:57:38 - Adding/Saving person..
2015-08-04 09:57:40 - displayPerson()
2015-08-04 10:03:33 - displayPerson()
2015-08-04 10:03:54 - updatePerson()
2015-08-04 10:03:59 - Adding/Saving person..
2015-08-04 10:04:02 - Adding/Saving person..
2015-08-04 10:04:04 - Adding/Saving person..
2015-08-04 10:04:04 - Adding/Saving person..
2015-08-04 10:04:05 - Adding/Saving person..
2015-08-04 10:04:05 - Adding/Saving person..
2015-08-04 10:04:16 - Adding/Saving person..
2015-08-04 10:04:16 - Adding/Saving person..
2015-08-04 10:04:17 - Adding/Saving person..
2015-08-04 10:04:24 - displayPerson()
2015-08-04 10:04:27 - displayPerson()
2015-08-04 10:04:31 - updatePerson()
2015-08-04 10:04:36 - Adding/Saving person..
2015-08-04 10:04:42 - displayPerson()
2015-08-04 10:04:46 - updatePerson()
2015-08-04 10:04:54 - displayPerson()
2015-08-04 10:09:26 - displayPerson()
2015-08-04 10:09:34 - updatePerson()
2015-08-04 10:09:42 - Adding/Saving person..
2015-08-04 10:09:45 - Adding/Saving person..
2015-08-04 10:09:45 - Adding/Saving person..
2015-08-04 10:09:45 - Adding/Saving person..
2015-08-04 10:09:47 - displayPerson()
2015-08-04 10:10:16 - updatePerson()
2015-08-04 10:10:19 - displayPerson()
2015-08-04 10:11:18 - displayPerson()
2015-08-04 10:11:21 - updatePerson()
2015-08-04 10:11:29 - Adding/Saving person..
2015-08-04 10:11:44 - displayPerson()
2015-08-04 10:16:55 - displayPerson()
2015-08-04 10:17:04 - updatePerson()
2015-08-04 10:17:08 - Adding/Saving person..
2015-08-04 10:17:13 - Adding/Saving person..
2015-08-04 10:17:14 - Adding/Saving person..
2015-08-04 10:17:15 - displayPerson()
2015-08-04 10:21:00 - displayPerson()
2015-08-04 10:21:10 - updatePerson()
2015-08-04 10:21:27 - Adding/Saving person..
2015-08-04 10:21:31 - Adding/Saving person..
2015-08-04 10:21:32 - Adding/Saving person..
2015-08-04 10:21:32 - Adding/Saving person..
2015-08-04 10:21:32 - Adding/Saving person..
2015-08-04 10:21:33 - displayPerson()
2015-08-04 10:21:37 - updatePerson()
2015-08-04 10:21:39 - Adding/Saving person..
2015-08-04 10:24:23 - updatePerson()
2015-08-04 10:24:25 - Adding/Saving person..
2015-08-04 10:24:27 - Adding/Saving person..
2015-08-04 10:24:27 - Adding/Saving person..
2015-08-04 10:24:28 - Adding/Saving person..
2015-08-04 10:24:43 - Adding/Saving person..
2015-08-04 10:27:14 - updatePerson()
2015-08-04 10:34:15 - updatePerson()
2015-08-04 10:34:23 - Adding person..
2015-08-04 10:39:09 - updatePerson()
2015-08-04 10:39:53 - updatePerson()
2015-08-04 10:40:00 - Adding person..
2015-08-04 10:40:13 - updatePerson()
2015-08-04 10:40:16 - displayPerson()
2015-08-04 10:50:54 - displayPerson()
2015-08-04 10:50:58 - updatePerson()
2015-08-04 10:51:10 - displayPerson()
2015-08-04 10:51:14 - displayPerson()
2015-08-04 10:51:18 - displayPerson()
2015-08-04 10:51:22 - updatePerson()
2015-08-04 10:51:32 - displayPerson()
2015-08-04 10:51:34 - userForm()
2015-08-04 10:51:43 - displayPerson()
2015-08-04 10:54:47 - userForm()
2015-08-04 10:55:04 - Adding person..
2015-08-04 10:55:10 - Adding person..
2015-08-04 10:55:15 - displayPerson()
2015-08-04 10:55:24 - userForm()
2015-08-04 10:57:07 - displayPerson()
2015-08-04 10:57:13 - updatePerson()
2015-08-04 10:58:43 - updatePerson()
2015-08-04 10:58:54 - displayPerson()
2015-08-04 10:58:56 - userForm()
2015-08-04 10:59:24 - userForm()
2015-08-04 10:59:59 - Adding person..
2015-08-04 11:00:02 - displayPerson()
2015-08-04 11:00:07 - updatePerson()
2015-08-04 11:00:11 - displayPerson()
2015-08-04 11:00:36 - delete persons()
2015-08-04 11:00:38 - updatePerson()
2015-08-04 11:00:46 - Adding person..
2015-08-04 11:00:49 - displayPerson()
2015-08-04 11:04:27 - updatePerson()
2015-08-04 11:04:36 - Adding person..
2015-08-04 11:04:42 - displayPerson()
2015-08-04 11:14:47 - displayPerson()
2015-08-04 11:14:50 - updatePerson()
2015-08-04 11:15:25 - updatePerson()
2015-08-04 11:15:57 - displayPerson()
2015-08-04 11:15:59 - updatePerson()
2015-08-04 11:16:03 - updatePerson()
2015-08-04 11:17:18 - updatePerson()
2015-08-04 11:17:27 - updatePerson()
2015-08-04 11:17:29 - Adding person..
2015-08-04 11:18:02 - Adding person..
2015-08-04 11:18:05 - displayPerson()
2015-08-04 11:18:08 - updatePerson()
2015-08-04 11:18:14 - Adding person..
2015-08-04 11:18:21 - displayPerson()
2015-08-04 11:18:24 - updatePerson()
2015-08-04 11:18:49 - Adding person..
2015-08-04 11:19:02 - Adding person..
2015-08-04 11:19:04 - displayPerson()
2015-08-04 11:19:07 - updatePerson()
2015-08-04 11:19:43 - updatePerson()
2015-08-04 11:23:39 - updatePerson()
2015-08-04 11:23:53 - Adding person..
2015-08-04 11:23:57 - displayPerson()
2015-08-04 11:24:00 - updatePerson()
2015-08-04 11:24:14 - Adding person..
2015-08-04 11:24:20 - Adding person..
2015-08-04 11:24:21 - Adding person..
2015-08-04 11:24:39 - updatePerson()
2015-08-04 11:24:44 - updatePerson()
2015-08-04 11:24:52 - Adding person..
2015-08-04 11:25:00 - displayPerson()
2015-08-04 11:45:19 - displayPerson()
2015-08-04 11:45:32 - displayPerson()
2015-08-04 11:45:34 - displayPerson()
2015-08-04 11:46:35 - displayPerson()
2015-08-04 11:53:21 - displayPerson()
2015-08-04 11:53:26 - Displaying projects...
2015-08-04 11:58:47 - Displaying projects...
2015-08-04 12:47:09 - Displaying projects...
2015-08-04 12:48:33 - Displaying projects...
2015-08-04 12:48:47 - Displaying projects...
2015-08-04 12:49:17 - Displaying projects...
2015-08-04 12:49:19 - Displaying projects...
2015-08-04 12:49:33 - Displaying projects...
2015-08-04 12:49:59 - Displaying projects...
2015-08-04 12:50:02 - displayPerson()
2015-08-04 12:50:17 - Displaying projects...
2015-08-04 12:56:42 - Displaying projects...
2015-08-04 13:03:29 - Displaying projects...
2015-08-04 13:03:37 - Add Project Form...
2015-08-04 13:03:57 - Add Project Form...
2015-08-04 13:04:14 - Add Project Form...
2015-08-04 13:05:53 - Add Project Form...
2015-08-04 13:05:55 - Displaying projects...
2015-08-04 13:06:02 - displayPerson()
2015-08-04 13:09:42 - displayPerson()
2015-08-04 13:09:49 - userForm()
2015-08-04 13:09:49 - userForm()
2015-08-04 13:12:54 - Adding person..
2015-08-04 13:13:00 - displayPerson()
2015-08-04 13:13:22 - userForm()
2015-08-04 13:14:07 - Adding person..
2015-08-04 13:14:11 - displayPerson()
2015-08-04 13:14:34 - Displaying projects...
2015-08-04 13:14:38 - Add Project Form...
2015-08-04 13:32:00 - Add Project Form...
2015-08-04 13:33:03 - displayPerson()
2015-08-04 13:33:07 - Displaying projects...
2015-08-04 13:33:11 - Add Project Form...
2015-08-04 13:34:53 - Displaying projects...
2015-08-04 13:34:56 - displayPerson()
2015-08-04 13:34:58 - userForm()
2015-08-04 13:35:03 - displayPerson()
2015-08-04 13:35:08 - Displaying projects...
2015-08-04 13:38:55 - Displaying projects...
2015-08-04 13:38:58 - Add Project Form...
2015-08-04 13:43:14 - Add Project Form...
2015-08-04 13:43:58 - Add Project Form...
2015-08-04 13:45:32 - Add Project Form...
2015-08-04 13:46:26 - Add Project Form...
2015-08-04 13:46:35 - Add Project Form...
2015-08-04 13:47:02 - Add Project Form...
2015-08-04 13:47:55 - Add Project Form...
2015-08-04 13:52:16 - Add Project Form...
2015-08-04 13:53:50 - Add Project Form...
2015-08-04 13:57:45 - Add Project Form...
2015-08-04 13:58:51 - Add Project Form...
2015-08-04 14:01:40 - Add Project Form...
2015-08-04 14:01:48 - Adding project..
2015-08-04 14:02:11 - Adding project..
2015-08-04 14:04:16 - Add Project Form...
2015-08-04 14:04:26 - Adding project..
2015-08-04 14:08:08 - Add Project Form...
2015-08-04 14:08:17 - Adding project..
2015-08-04 14:11:26 - Add Project Form...
2015-08-04 14:11:38 - Adding project..
2015-08-04 14:13:27 - Context initialization failed
org.springframework.beans.factory.BeanCreationException: Error creating bean with name 'handlerMapping' defined in ServletContext resource [/WEB-INF/HelloWeb-servlet.xml]: Initialization of bean failed; nested exception is java.lang.IllegalStateException: Cannot map handler 'projectController' to URL path [/projects]: There is already handler of type [class hibernateactivity.web.ProjectsController] mapped.
	at org.springframework.beans.factory.support.AbstractAutowireCapableBeanFactory.doCreateBean(AbstractAutowireCapableBeanFactory.java:547) ~[spring-beans-4.1.7.RELEASE.jar:4.1.7.RELEASE]
	at org.springframework.beans.factory.support.AbstractAutowireCapableBeanFactory.createBean(AbstractAutowireCapableBeanFactory.java:476) ~[spring-beans-4.1.7.RELEASE.jar:4.1.7.RELEASE]
	at org.springframework.beans.factory.support.AbstractBeanFactory$1.getObject(AbstractBeanFactory.java:303) ~[spring-beans-4.1.7.RELEASE.jar:4.1.7.RELEASE]
	at org.springframework.beans.factory.support.DefaultSingletonBeanRegistry.getSingleton(DefaultSingletonBeanRegistry.java:230) ~[spring-beans-4.1.7.RELEASE.jar:4.1.7.RELEASE]
	at org.springframework.beans.factory.support.AbstractBeanFactory.doGetBean(AbstractBeanFactory.java:299) ~[spring-beans-4.1.7.RELEASE.jar:4.1.7.RELEASE]
	at org.springframework.beans.factory.support.AbstractBeanFactory.getBean(AbstractBeanFactory.java:194) ~[spring-beans-4.1.7.RELEASE.jar:4.1.7.RELEASE]
	at org.springframework.beans.factory.support.DefaultListableBeanFactory.preInstantiateSingletons(DefaultListableBeanFactory.java:755) ~[spring-beans-4.1.7.RELEASE.jar:4.1.7.RELEASE]
	at org.springframework.context.support.AbstractApplicationContext.finishBeanFactoryInitialization(AbstractApplicationContext.java:757) ~[spring-context-4.1.7.RELEASE.jar:4.1.7.RELEASE]
	at org.springframework.context.support.AbstractApplicationContext.refresh(AbstractApplicationContext.java:480) ~[spring-context-4.1.7.RELEASE.jar:4.1.7.RELEASE]
	at org.springframework.web.context.ContextLoader.configureAndRefreshWebApplicationContext(ContextLoader.java:434) ~[spring-web-4.1.7.RELEASE.jar:4.1.7.RELEASE]
	at org.springframework.web.context.ContextLoader.initWebApplicationContext(ContextLoader.java:306) ~[spring-web-4.1.7.RELEASE.jar:4.1.7.RELEASE]
	at org.springframework.web.context.ContextLoaderListener.contextInitialized(ContextLoaderListener.java:106) [spring-web-4.1.7.RELEASE.jar:4.1.7.RELEASE]
	at org.eclipse.jetty.server.handler.ContextHandler.callContextInitialized(ContextHandler.java:782) [jetty-server-8.1.16.v20140903.jar:8.1.16.v20140903]
	at org.eclipse.jetty.servlet.ServletContextHandler.callContextInitialized(ServletContextHandler.java:424) [jetty-servlet-8.1.16.v20140903.jar:8.1.16.v20140903]
	at org.eclipse.jetty.server.handler.ContextHandler.startContext(ContextHandler.java:774) [jetty-server-8.1.16.v20140903.jar:8.1.16.v20140903]
	at org.eclipse.jetty.servlet.ServletContextHandler.startContext(ServletContextHandler.java:249) [jetty-servlet-8.1.16.v20140903.jar:8.1.16.v20140903]
	at org.eclipse.jetty.webapp.WebAppContext.startContext(WebAppContext.java:1242) [jetty-webapp-8.1.16.v20140903.jar:8.1.16.v20140903]
	at org.eclipse.jetty.server.handler.ContextHandler.doStart(ContextHandler.java:717) [jetty-server-8.1.16.v20140903.jar:8.1.16.v20140903]
	at org.eclipse.jetty.webapp.WebAppContext.doStart(WebAppContext.java:494) [jetty-webapp-8.1.16.v20140903.jar:8.1.16.v20140903]
	at org.mortbay.jetty.plugin.JettyWebAppContext.doStart(JettyWebAppContext.java:298) [jetty-maven-plugin-8.1.16.v20140903.jar:8.1.16.v20140903]
	at org.eclipse.jetty.util.component.AbstractLifeCycle.start(AbstractLifeCycle.java:64) [jetty-util-8.1.16.v20140903.jar:8.1.16.v20140903]
	at org.eclipse.jetty.server.handler.HandlerCollection.doStart(HandlerCollection.java:229) [jetty-server-8.1.16.v20140903.jar:8.1.16.v20140903]
	at org.eclipse.jetty.server.handler.ContextHandlerCollection.doStart(ContextHandlerCollection.java:172) [jetty-server-8.1.16.v20140903.jar:8.1.16.v20140903]
	at org.eclipse.jetty.util.component.AbstractLifeCycle.start(AbstractLifeCycle.java:64) [jetty-util-8.1.16.v20140903.jar:8.1.16.v20140903]
	at org.eclipse.jetty.server.handler.HandlerCollection.doStart(HandlerCollection.java:229) [jetty-server-8.1.16.v20140903.jar:8.1.16.v20140903]
	at org.eclipse.jetty.util.component.AbstractLifeCycle.start(AbstractLifeCycle.java:64) [jetty-util-8.1.16.v20140903.jar:8.1.16.v20140903]
	at org.eclipse.jetty.server.handler.HandlerWrapper.doStart(HandlerWrapper.java:95) [jetty-server-8.1.16.v20140903.jar:8.1.16.v20140903]
	at org.eclipse.jetty.server.Server.doStart(Server.java:282) [jetty-server-8.1.16.v20140903.jar:8.1.16.v20140903]
	at org.mortbay.jetty.plugin.JettyServer.doStart(JettyServer.java:65) [jetty-maven-plugin-8.1.16.v20140903.jar:8.1.16.v20140903]
	at org.eclipse.jetty.util.component.AbstractLifeCycle.start(AbstractLifeCycle.java:64) [jetty-util-8.1.16.v20140903.jar:8.1.16.v20140903]
	at org.mortbay.jetty.plugin.AbstractJettyMojo.startJetty(AbstractJettyMojo.java:520) [jetty-maven-plugin-8.1.16.v20140903.jar:8.1.16.v20140903]
	at org.mortbay.jetty.plugin.AbstractJettyMojo.execute(AbstractJettyMojo.java:365) [jetty-maven-plugin-8.1.16.v20140903.jar:8.1.16.v20140903]
	at org.mortbay.jetty.plugin.JettyRunMojo.execute(JettyRunMojo.java:523) [jetty-maven-plugin-8.1.16.v20140903.jar:8.1.16.v20140903]
	at org.apache.maven.plugin.DefaultBuildPluginManager.executeMojo(DefaultBuildPluginManager.java:101) [maven-core-3.0.4.jar:na]
	at org.apache.maven.lifecycle.internal.MojoExecutor.execute(MojoExecutor.java:209) [maven-core-3.0.4.jar:na]
	at org.apache.maven.lifecycle.internal.MojoExecutor.execute(MojoExecutor.java:153) [maven-core-3.0.4.jar:na]
	at org.apache.maven.lifecycle.internal.MojoExecutor.execute(MojoExecutor.java:145) [maven-core-3.0.4.jar:na]
	at org.apache.maven.lifecycle.internal.LifecycleModuleBuilder.buildProject(LifecycleModuleBuilder.java:84) [maven-core-3.0.4.jar:na]
	at org.apache.maven.lifecycle.internal.LifecycleModuleBuilder.buildProject(LifecycleModuleBuilder.java:59) [maven-core-3.0.4.jar:na]
	at org.apache.maven.lifecycle.internal.LifecycleStarter.singleThreadedBuild(LifecycleStarter.java:183) [maven-core-3.0.4.jar:na]
	at org.apache.maven.lifecycle.internal.LifecycleStarter.execute(LifecycleStarter.java:161) [maven-core-3.0.4.jar:na]
	at org.apache.maven.DefaultMaven.doExecute(DefaultMaven.java:320) [maven-core-3.0.4.jar:na]
	at org.apache.maven.DefaultMaven.execute(DefaultMaven.java:156) [maven-core-3.0.4.jar:na]
	at org.apache.maven.cli.MavenCli.execute(MavenCli.java:537) [maven-embedder-3.0.4.jar:na]
	at org.apache.maven.cli.MavenCli.doMain(MavenCli.java:196) [maven-embedder-3.0.4.jar:na]
	at org.apache.maven.cli.MavenCli.main(MavenCli.java:141) [maven-embedder-3.0.4.jar:na]
	at sun.reflect.NativeMethodAccessorImpl.invoke0(Native Method) ~[na:1.8.0_45]
	at sun.reflect.NativeMethodAccessorImpl.invoke(NativeMethodAccessorImpl.java:62) ~[na:1.8.0_45]
	at sun.reflect.DelegatingMethodAccessorImpl.invoke(DelegatingMethodAccessorImpl.java:43) ~[na:1.8.0_45]
	at java.lang.reflect.Method.invoke(Method.java:497) ~[na:1.8.0_45]
	at org.codehaus.plexus.classworlds.launcher.Launcher.launchEnhanced(Launcher.java:290) [plexus-classworlds2-2.4.jar:na]
	at org.codehaus.plexus.classworlds.launcher.Launcher.launch(Launcher.java:230) [plexus-classworlds2-2.4.jar:na]
	at org.codehaus.plexus.classworlds.launcher.Launcher.mainWithExitCode(Launcher.java:409) [plexus-classworlds2-2.4.jar:na]
	at org.codehaus.plexus.classworlds.launcher.Launcher.main(Launcher.java:352) [plexus-classworlds2-2.4.jar:na]
Caused by: java.lang.IllegalStateException: Cannot map handler 'projectController' to URL path [/projects]: There is already handler of type [class hibernateactivity.web.ProjectsController] mapped.
	at org.springframework.web.servlet.handler.AbstractUrlHandlerMapping.registerHandler(AbstractUrlHandlerMapping.java:295) ~[spring-webmvc-4.1.7.RELEASE.jar:4.1.7.RELEASE]
	at org.springframework.web.servlet.handler.AbstractUrlHandlerMapping.registerHandler(AbstractUrlHandlerMapping.java:265) ~[spring-webmvc-4.1.7.RELEASE.jar:4.1.7.RELEASE]
	at org.springframework.web.servlet.handler.AbstractDetectingUrlHandlerMapping.detectHandlers(AbstractDetectingUrlHandlerMapping.java:82) ~[spring-webmvc-4.1.7.RELEASE.jar:4.1.7.RELEASE]
	at org.springframework.web.servlet.handler.AbstractDetectingUrlHandlerMapping.initApplicationContext(AbstractDetectingUrlHandlerMapping.java:58) ~[spring-webmvc-4.1.7.RELEASE.jar:4.1.7.RELEASE]
	at org.springframework.context.support.ApplicationObjectSupport.initApplicationContext(ApplicationObjectSupport.java:120) ~[spring-context-4.1.7.RELEASE.jar:4.1.7.RELEASE]
	at org.springframework.web.context.support.WebApplicationObjectSupport.initApplicationContext(WebApplicationObjectSupport.java:76) ~[spring-web-4.1.7.RELEASE.jar:4.1.7.RELEASE]
	at org.springframework.context.support.ApplicationObjectSupport.setApplicationContext(ApplicationObjectSupport.java:74) ~[spring-context-4.1.7.RELEASE.jar:4.1.7.RELEASE]
	at org.springframework.context.support.ApplicationContextAwareProcessor.invokeAwareInterfaces(ApplicationContextAwareProcessor.java:119) ~[spring-context-4.1.7.RELEASE.jar:4.1.7.RELEASE]
	at org.springframework.context.support.ApplicationContextAwareProcessor.postProcessBeforeInitialization(ApplicationContextAwareProcessor.java:94) ~[spring-context-4.1.7.RELEASE.jar:4.1.7.RELEASE]
	at org.springframework.beans.factory.support.AbstractAutowireCapableBeanFactory.applyBeanPostProcessorsBeforeInitialization(AbstractAutowireCapableBeanFactory.java:408) ~[spring-beans-4.1.7.RELEASE.jar:4.1.7.RELEASE]
	at org.springframework.beans.factory.support.AbstractAutowireCapableBeanFactory.initializeBean(AbstractAutowireCapableBeanFactory.java:1566) ~[spring-beans-4.1.7.RELEASE.jar:4.1.7.RELEASE]
	at org.springframework.beans.factory.support.AbstractAutowireCapableBeanFactory.doCreateBean(AbstractAutowireCapableBeanFactory.java:539) ~[spring-beans-4.1.7.RELEASE.jar:4.1.7.RELEASE]
	... 53 common frames omitted
2015-08-04 14:15:06 - Add Project Form...
2015-08-04 14:15:14 - Adding project..
2015-08-04 14:15:19 - Adding project..
2015-08-04 14:21:58 - Add Project Form...
2015-08-04 14:22:18 - Adding project..
2015-08-04 14:22:20 - Displaying projects...
2015-08-04 14:50:12 - Displaying projects...
2015-08-04 14:50:16 - Add Project Form...
2015-08-04 14:50:42 - Add Project Form...
2015-08-04 14:53:12 - Add Project Form...
2015-08-04 14:58:08 - Add Project Form...
2015-08-04 14:58:39 - Add Project Form...
2015-08-04 15:01:34 - Add Project Form...
2015-08-04 15:01:48 - Adding project..
2015-08-04 15:02:16 - Add Project Form...
2015-08-04 15:02:26 - Adding project..
2015-08-04 15:03:46 - Add Project Form...
2015-08-04 15:04:29 - Add Project Form...
2015-08-04 15:04:39 - Add Project Form...
2015-08-04 15:05:23 - Add Project Form...
2015-08-04 15:07:02 - Add Project Form...
2015-08-04 15:12:35 - Add Project Form...
2015-08-04 15:12:48 - Add Project Form...
2015-08-04 15:12:52 - Add Project Form...
2015-08-04 15:13:01 - Adding project..
2015-08-04 15:22:00 - Add Project Form...
2015-08-04 15:22:18 - Adding project..
2015-08-04 15:24:40 - Add Project Form...
2015-08-04 15:31:24 - Add Project Form...
2015-08-04 15:45:16 - Context initialization failed
org.springframework.beans.factory.BeanCreationException: Error creating bean with name 'hibernateUtil' defined in class path resource [dao.xml]: Initialization of bean failed; nested exception is org.springframework.beans.factory.BeanCreationException: Error creating bean with name 'sessionFactory' defined in class path resource [hibernate.xml]: Invocation of init method failed; nested exception is org.hibernate.MappingException: Could not determine type for: java.util.List, at table: Projects, for columns: [org.hibernate.mapping.Column(p_id)]
	at org.springframework.beans.factory.support.AbstractAutowireCapableBeanFactory.doCreateBean(AbstractAutowireCapableBeanFactory.java:547) ~[spring-beans-4.1.7.RELEASE.jar:4.1.7.RELEASE]
	at org.springframework.beans.factory.support.AbstractAutowireCapableBeanFactory.createBean(AbstractAutowireCapableBeanFactory.java:476) ~[spring-beans-4.1.7.RELEASE.jar:4.1.7.RELEASE]
	at org.springframework.beans.factory.support.AbstractBeanFactory$1.getObject(AbstractBeanFactory.java:303) ~[spring-beans-4.1.7.RELEASE.jar:4.1.7.RELEASE]
	at org.springframework.beans.factory.support.DefaultSingletonBeanRegistry.getSingleton(DefaultSingletonBeanRegistry.java:230) ~[spring-beans-4.1.7.RELEASE.jar:4.1.7.RELEASE]
	at org.springframework.beans.factory.support.AbstractBeanFactory.doGetBean(AbstractBeanFactory.java:299) ~[spring-beans-4.1.7.RELEASE.jar:4.1.7.RELEASE]
	at org.springframework.beans.factory.support.AbstractBeanFactory.getBean(AbstractBeanFactory.java:194) ~[spring-beans-4.1.7.RELEASE.jar:4.1.7.RELEASE]
	at org.springframework.beans.factory.support.DefaultListableBeanFactory.preInstantiateSingletons(DefaultListableBeanFactory.java:755) ~[spring-beans-4.1.7.RELEASE.jar:4.1.7.RELEASE]
	at org.springframework.context.support.AbstractApplicationContext.finishBeanFactoryInitialization(AbstractApplicationContext.java:757) ~[spring-context-4.1.7.RELEASE.jar:4.1.7.RELEASE]
	at org.springframework.context.support.AbstractApplicationContext.refresh(AbstractApplicationContext.java:480) ~[spring-context-4.1.7.RELEASE.jar:4.1.7.RELEASE]
	at org.springframework.web.context.ContextLoader.configureAndRefreshWebApplicationContext(ContextLoader.java:434) ~[spring-web-4.1.7.RELEASE.jar:4.1.7.RELEASE]
	at org.springframework.web.context.ContextLoader.initWebApplicationContext(ContextLoader.java:306) ~[spring-web-4.1.7.RELEASE.jar:4.1.7.RELEASE]
	at org.springframework.web.context.ContextLoaderListener.contextInitialized(ContextLoaderListener.java:106) [spring-web-4.1.7.RELEASE.jar:4.1.7.RELEASE]
	at org.eclipse.jetty.server.handler.ContextHandler.callContextInitialized(ContextHandler.java:782) [jetty-server-8.1.16.v20140903.jar:8.1.16.v20140903]
	at org.eclipse.jetty.servlet.ServletContextHandler.callContextInitialized(ServletContextHandler.java:424) [jetty-servlet-8.1.16.v20140903.jar:8.1.16.v20140903]
	at org.eclipse.jetty.server.handler.ContextHandler.startContext(ContextHandler.java:774) [jetty-server-8.1.16.v20140903.jar:8.1.16.v20140903]
	at org.eclipse.jetty.servlet.ServletContextHandler.startContext(ServletContextHandler.java:249) [jetty-servlet-8.1.16.v20140903.jar:8.1.16.v20140903]
	at org.eclipse.jetty.webapp.WebAppContext.startContext(WebAppContext.java:1242) [jetty-webapp-8.1.16.v20140903.jar:8.1.16.v20140903]
	at org.eclipse.jetty.server.handler.ContextHandler.doStart(ContextHandler.java:717) [jetty-server-8.1.16.v20140903.jar:8.1.16.v20140903]
	at org.eclipse.jetty.webapp.WebAppContext.doStart(WebAppContext.java:494) [jetty-webapp-8.1.16.v20140903.jar:8.1.16.v20140903]
	at org.mortbay.jetty.plugin.JettyWebAppContext.doStart(JettyWebAppContext.java:298) [jetty-maven-plugin-8.1.16.v20140903.jar:8.1.16.v20140903]
	at org.eclipse.jetty.util.component.AbstractLifeCycle.start(AbstractLifeCycle.java:64) [jetty-util-8.1.16.v20140903.jar:8.1.16.v20140903]
	at org.eclipse.jetty.server.handler.HandlerCollection.doStart(HandlerCollection.java:229) [jetty-server-8.1.16.v20140903.jar:8.1.16.v20140903]
	at org.eclipse.jetty.server.handler.ContextHandlerCollection.doStart(ContextHandlerCollection.java:172) [jetty-server-8.1.16.v20140903.jar:8.1.16.v20140903]
	at org.eclipse.jetty.util.component.AbstractLifeCycle.start(AbstractLifeCycle.java:64) [jetty-util-8.1.16.v20140903.jar:8.1.16.v20140903]
	at org.eclipse.jetty.server.handler.HandlerCollection.doStart(HandlerCollection.java:229) [jetty-server-8.1.16.v20140903.jar:8.1.16.v20140903]
	at org.eclipse.jetty.util.component.AbstractLifeCycle.start(AbstractLifeCycle.java:64) [jetty-util-8.1.16.v20140903.jar:8.1.16.v20140903]
	at org.eclipse.jetty.server.handler.HandlerWrapper.doStart(HandlerWrapper.java:95) [jetty-server-8.1.16.v20140903.jar:8.1.16.v20140903]
	at org.eclipse.jetty.server.Server.doStart(Server.java:282) [jetty-server-8.1.16.v20140903.jar:8.1.16.v20140903]
	at org.mortbay.jetty.plugin.JettyServer.doStart(JettyServer.java:65) [jetty-maven-plugin-8.1.16.v20140903.jar:8.1.16.v20140903]
	at org.eclipse.jetty.util.component.AbstractLifeCycle.start(AbstractLifeCycle.java:64) [jetty-util-8.1.16.v20140903.jar:8.1.16.v20140903]
	at org.mortbay.jetty.plugin.AbstractJettyMojo.startJetty(AbstractJettyMojo.java:520) [jetty-maven-plugin-8.1.16.v20140903.jar:8.1.16.v20140903]
	at org.mortbay.jetty.plugin.AbstractJettyMojo.execute(AbstractJettyMojo.java:365) [jetty-maven-plugin-8.1.16.v20140903.jar:8.1.16.v20140903]
	at org.mortbay.jetty.plugin.JettyRunMojo.execute(JettyRunMojo.java:523) [jetty-maven-plugin-8.1.16.v20140903.jar:8.1.16.v20140903]
	at org.apache.maven.plugin.DefaultBuildPluginManager.executeMojo(DefaultBuildPluginManager.java:101) [maven-core-3.0.4.jar:na]
	at org.apache.maven.lifecycle.internal.MojoExecutor.execute(MojoExecutor.java:209) [maven-core-3.0.4.jar:na]
	at org.apache.maven.lifecycle.internal.MojoExecutor.execute(MojoExecutor.java:153) [maven-core-3.0.4.jar:na]
	at org.apache.maven.lifecycle.internal.MojoExecutor.execute(MojoExecutor.java:145) [maven-core-3.0.4.jar:na]
	at org.apache.maven.lifecycle.internal.LifecycleModuleBuilder.buildProject(LifecycleModuleBuilder.java:84) [maven-core-3.0.4.jar:na]
	at org.apache.maven.lifecycle.internal.LifecycleModuleBuilder.buildProject(LifecycleModuleBuilder.java:59) [maven-core-3.0.4.jar:na]
	at org.apache.maven.lifecycle.internal.LifecycleStarter.singleThreadedBuild(LifecycleStarter.java:183) [maven-core-3.0.4.jar:na]
	at org.apache.maven.lifecycle.internal.LifecycleStarter.execute(LifecycleStarter.java:161) [maven-core-3.0.4.jar:na]
	at org.apache.maven.DefaultMaven.doExecute(DefaultMaven.java:320) [maven-core-3.0.4.jar:na]
	at org.apache.maven.DefaultMaven.execute(DefaultMaven.java:156) [maven-core-3.0.4.jar:na]
	at org.apache.maven.cli.MavenCli.execute(MavenCli.java:537) [maven-embedder-3.0.4.jar:na]
	at org.apache.maven.cli.MavenCli.doMain(MavenCli.java:196) [maven-embedder-3.0.4.jar:na]
	at org.apache.maven.cli.MavenCli.main(MavenCli.java:141) [maven-embedder-3.0.4.jar:na]
	at sun.reflect.NativeMethodAccessorImpl.invoke0(Native Method) ~[na:1.8.0_45]
	at sun.reflect.NativeMethodAccessorImpl.invoke(NativeMethodAccessorImpl.java:62) ~[na:1.8.0_45]
	at sun.reflect.DelegatingMethodAccessorImpl.invoke(DelegatingMethodAccessorImpl.java:43) ~[na:1.8.0_45]
	at java.lang.reflect.Method.invoke(Method.java:497) ~[na:1.8.0_45]
	at org.codehaus.plexus.classworlds.launcher.Launcher.launchEnhanced(Launcher.java:290) [plexus-classworlds2-2.4.jar:na]
	at org.codehaus.plexus.classworlds.launcher.Launcher.launch(Launcher.java:230) [plexus-classworlds2-2.4.jar:na]
	at org.codehaus.plexus.classworlds.launcher.Launcher.mainWithExitCode(Launcher.java:409) [plexus-classworlds2-2.4.jar:na]
	at org.codehaus.plexus.classworlds.launcher.Launcher.main(Launcher.java:352) [plexus-classworlds2-2.4.jar:na]
Caused by: org.springframework.beans.factory.BeanCreationException: Error creating bean with name 'sessionFactory' defined in class path resource [hibernate.xml]: Invocation of init method failed; nested exception is org.hibernate.MappingException: Could not determine type for: java.util.List, at table: Projects, for columns: [org.hibernate.mapping.Column(p_id)]
	at org.springframework.beans.factory.support.AbstractAutowireCapableBeanFactory.initializeBean(AbstractAutowireCapableBeanFactory.java:1574) ~[spring-beans-4.1.7.RELEASE.jar:4.1.7.RELEASE]
	at org.springframework.beans.factory.support.AbstractAutowireCapableBeanFactory.doCreateBean(AbstractAutowireCapableBeanFactory.java:539) ~[spring-beans-4.1.7.RELEASE.jar:4.1.7.RELEASE]
	at org.springframework.beans.factory.support.AbstractAutowireCapableBeanFactory.createBean(AbstractAutowireCapableBeanFactory.java:476) ~[spring-beans-4.1.7.RELEASE.jar:4.1.7.RELEASE]
	at org.springframework.beans.factory.support.AbstractBeanFactory$1.getObject(AbstractBeanFactory.java:303) ~[spring-beans-4.1.7.RELEASE.jar:4.1.7.RELEASE]
	at org.springframework.beans.factory.support.DefaultSingletonBeanRegistry.getSingleton(DefaultSingletonBeanRegistry.java:230) ~[spring-beans-4.1.7.RELEASE.jar:4.1.7.RELEASE]
	at org.springframework.beans.factory.support.AbstractBeanFactory.doGetBean(AbstractBeanFactory.java:299) ~[spring-beans-4.1.7.RELEASE.jar:4.1.7.RELEASE]
	at org.springframework.beans.factory.support.AbstractBeanFactory.getBean(AbstractBeanFactory.java:194) ~[spring-beans-4.1.7.RELEASE.jar:4.1.7.RELEASE]
	at org.springframework.beans.factory.support.AbstractAutowireCapableBeanFactory.autowireByName(AbstractAutowireCapableBeanFactory.java:1240) ~[spring-beans-4.1.7.RELEASE.jar:4.1.7.RELEASE]
	at org.springframework.beans.factory.support.AbstractAutowireCapableBeanFactory.populateBean(AbstractAutowireCapableBeanFactory.java:1190) ~[spring-beans-4.1.7.RELEASE.jar:4.1.7.RELEASE]
	at org.springframework.beans.factory.support.AbstractAutowireCapableBeanFactory.doCreateBean(AbstractAutowireCapableBeanFactory.java:537) ~[spring-beans-4.1.7.RELEASE.jar:4.1.7.RELEASE]
	... 53 common frames omitted
Caused by: org.hibernate.MappingException: Could not determine type for: java.util.List, at table: Projects, for columns: [org.hibernate.mapping.Column(p_id)]
	at org.hibernate.mapping.SimpleValue.getType(SimpleValue.java:349) ~[hibernate-core-4.3.10.Final.jar:4.3.10.Final]
	at org.hibernate.mapping.SimpleValue.isValid(SimpleValue.java:322) ~[hibernate-core-4.3.10.Final.jar:4.3.10.Final]
	at org.hibernate.mapping.Property.isValid(Property.java:241) ~[hibernate-core-4.3.10.Final.jar:4.3.10.Final]
	at org.hibernate.mapping.PersistentClass.validate(PersistentClass.java:496) ~[hibernate-core-4.3.10.Final.jar:4.3.10.Final]
	at org.hibernate.mapping.RootClass.validate(RootClass.java:270) ~[hibernate-core-4.3.10.Final.jar:4.3.10.Final]
	at org.hibernate.cfg.Configuration.validate(Configuration.java:1360) ~[hibernate-core-4.3.10.Final.jar:4.3.10.Final]
	at org.hibernate.cfg.Configuration.buildSessionFactory(Configuration.java:1851) ~[hibernate-core-4.3.10.Final.jar:4.3.10.Final]
	at org.hibernate.cfg.Configuration.buildSessionFactory(Configuration.java:1930) ~[hibernate-core-4.3.10.Final.jar:4.3.10.Final]
	at org.springframework.orm.hibernate4.LocalSessionFactoryBuilder.buildSessionFactory(LocalSessionFactoryBuilder.java:372) ~[spring-orm-4.1.7.RELEASE.jar:4.1.7.RELEASE]
	at org.springframework.orm.hibernate4.LocalSessionFactoryBean.buildSessionFactory(LocalSessionFactoryBean.java:454) ~[spring-orm-4.1.7.RELEASE.jar:4.1.7.RELEASE]
	at org.springframework.orm.hibernate4.LocalSessionFactoryBean.afterPropertiesSet(LocalSessionFactoryBean.java:439) ~[spring-orm-4.1.7.RELEASE.jar:4.1.7.RELEASE]
	at org.springframework.beans.factory.support.AbstractAutowireCapableBeanFactory.invokeInitMethods(AbstractAutowireCapableBeanFactory.java:1633) ~[spring-beans-4.1.7.RELEASE.jar:4.1.7.RELEASE]
	at org.springframework.beans.factory.support.AbstractAutowireCapableBeanFactory.initializeBean(AbstractAutowireCapableBeanFactory.java:1570) ~[spring-beans-4.1.7.RELEASE.jar:4.1.7.RELEASE]
	... 62 common frames omitted
2015-08-04 15:54:12 - Add Project Form...
2015-08-04 15:55:23 - Add Project Form...
2015-08-04 15:55:36 - Add Project Form...
2015-08-04 15:56:30 - Add Project Form...
2015-08-04 15:56:35 - Add Project Form...
2015-08-04 15:56:49 - Adding project..
2015-08-04 15:56:50 - ERROR: duplicate key value violates unique constraint "per_pro_pkey"
  Detail: Key (person_id, project_id)=(99, 5) already exists.
2015-08-04 15:58:40 - Adding project..
2015-08-04 15:59:16 - Adding project..
2015-08-04 15:59:17 - ERROR: duplicate key value violates unique constraint "per_pro_pkey"
  Detail: Key (person_id, project_id)=(139, 7) already exists.
2015-08-04 16:03:43 - Adding project..
2015-08-04 16:03:43 - ERROR: duplicate key value violates unique constraint "per_pro_pkey"
  Detail: Key (person_id, project_id)=(50, 8) already exists.
2015-08-04 16:03:47 - Adding project..
2015-08-04 16:05:34 - Adding project..
2015-08-04 16:05:34 - ERROR: duplicate key value violates unique constraint "per_pro_pkey"
  Detail: Key (person_id, project_id)=(137, 10) already exists.
2015-08-04 16:05:54 - Displaying projects...
2015-08-04 16:05:58 - displayPerson()
2015-08-04 16:06:14 - Displaying projects...
2015-08-04 16:06:17 - Add Project Form...
2015-08-04 16:13:25 - Add Project Form...
2015-08-04 16:13:41 - Adding project..
2015-08-04 16:13:43 - ERROR: duplicate key value violates unique constraint "per_pro_pkey"
  Detail: Key (person_id, project_id)=(137, 11) already exists.
2015-08-04 16:14:44 - Adding project..
2015-08-04 16:14:44 - ERROR: duplicate key value violates unique constraint "per_pro_pkey"
  Detail: Key (person_id, project_id)=(137, 12) already exists.
2015-08-04 16:16:02 - Add Project Form...
2015-08-04 16:16:21 - Adding project..
2015-08-04 16:16:36 - Displaying projects...
2015-08-04 16:16:39 - displayPerson()
2015-08-04 16:16:51 - Displaying projects...
2015-08-04 16:17:07 - displayPerson()
2015-08-04 16:17:11 - Displaying projects...
2015-08-04 16:17:14 - Add Project Form...
2015-08-04 16:17:25 - Adding project..
2015-08-04 16:18:33 - Add Project Form...
2015-08-04 16:18:40 - Add Project Form...
2015-08-04 16:20:33 - Adding project..
2015-08-04 16:38:33 - Context initialization failed
org.springframework.beans.factory.BeanCreationException: Error creating bean with name 'handlerMapping' defined in ServletContext resource [/WEB-INF/HelloWeb-servlet.xml]: Initialization of bean failed; nested exception is java.lang.IllegalStateException: Cannot map handler 'activityController' to URL path [/update/{id}]: There is already handler of type [class hibernateactivity.web.ProjectsController] mapped.
	at org.springframework.beans.factory.support.AbstractAutowireCapableBeanFactory.doCreateBean(AbstractAutowireCapableBeanFactory.java:547) ~[spring-beans-4.1.7.RELEASE.jar:4.1.7.RELEASE]
	at org.springframework.beans.factory.support.AbstractAutowireCapableBeanFactory.createBean(AbstractAutowireCapableBeanFactory.java:476) ~[spring-beans-4.1.7.RELEASE.jar:4.1.7.RELEASE]
	at org.springframework.beans.factory.support.AbstractBeanFactory$1.getObject(AbstractBeanFactory.java:303) ~[spring-beans-4.1.7.RELEASE.jar:4.1.7.RELEASE]
	at org.springframework.beans.factory.support.DefaultSingletonBeanRegistry.getSingleton(DefaultSingletonBeanRegistry.java:230) ~[spring-beans-4.1.7.RELEASE.jar:4.1.7.RELEASE]
	at org.springframework.beans.factory.support.AbstractBeanFactory.doGetBean(AbstractBeanFactory.java:299) ~[spring-beans-4.1.7.RELEASE.jar:4.1.7.RELEASE]
	at org.springframework.beans.factory.support.AbstractBeanFactory.getBean(AbstractBeanFactory.java:194) ~[spring-beans-4.1.7.RELEASE.jar:4.1.7.RELEASE]
	at org.springframework.beans.factory.support.DefaultListableBeanFactory.preInstantiateSingletons(DefaultListableBeanFactory.java:755) ~[spring-beans-4.1.7.RELEASE.jar:4.1.7.RELEASE]
	at org.springframework.context.support.AbstractApplicationContext.finishBeanFactoryInitialization(AbstractApplicationContext.java:757) ~[spring-context-4.1.7.RELEASE.jar:4.1.7.RELEASE]
	at org.springframework.context.support.AbstractApplicationContext.refresh(AbstractApplicationContext.java:480) ~[spring-context-4.1.7.RELEASE.jar:4.1.7.RELEASE]
	at org.springframework.web.context.ContextLoader.configureAndRefreshWebApplicationContext(ContextLoader.java:434) ~[spring-web-4.1.7.RELEASE.jar:4.1.7.RELEASE]
	at org.springframework.web.context.ContextLoader.initWebApplicationContext(ContextLoader.java:306) ~[spring-web-4.1.7.RELEASE.jar:4.1.7.RELEASE]
	at org.springframework.web.context.ContextLoaderListener.contextInitialized(ContextLoaderListener.java:106) [spring-web-4.1.7.RELEASE.jar:4.1.7.RELEASE]
	at org.eclipse.jetty.server.handler.ContextHandler.callContextInitialized(ContextHandler.java:782) [jetty-server-8.1.16.v20140903.jar:8.1.16.v20140903]
	at org.eclipse.jetty.servlet.ServletContextHandler.callContextInitialized(ServletContextHandler.java:424) [jetty-servlet-8.1.16.v20140903.jar:8.1.16.v20140903]
	at org.eclipse.jetty.server.handler.ContextHandler.startContext(ContextHandler.java:774) [jetty-server-8.1.16.v20140903.jar:8.1.16.v20140903]
	at org.eclipse.jetty.servlet.ServletContextHandler.startContext(ServletContextHandler.java:249) [jetty-servlet-8.1.16.v20140903.jar:8.1.16.v20140903]
	at org.eclipse.jetty.webapp.WebAppContext.startContext(WebAppContext.java:1242) [jetty-webapp-8.1.16.v20140903.jar:8.1.16.v20140903]
	at org.eclipse.jetty.server.handler.ContextHandler.doStart(ContextHandler.java:717) [jetty-server-8.1.16.v20140903.jar:8.1.16.v20140903]
	at org.eclipse.jetty.webapp.WebAppContext.doStart(WebAppContext.java:494) [jetty-webapp-8.1.16.v20140903.jar:8.1.16.v20140903]
	at org.mortbay.jetty.plugin.JettyWebAppContext.doStart(JettyWebAppContext.java:298) [jetty-maven-plugin-8.1.16.v20140903.jar:8.1.16.v20140903]
	at org.eclipse.jetty.util.component.AbstractLifeCycle.start(AbstractLifeCycle.java:64) [jetty-util-8.1.16.v20140903.jar:8.1.16.v20140903]
	at org.eclipse.jetty.server.handler.HandlerCollection.doStart(HandlerCollection.java:229) [jetty-server-8.1.16.v20140903.jar:8.1.16.v20140903]
	at org.eclipse.jetty.server.handler.ContextHandlerCollection.doStart(ContextHandlerCollection.java:172) [jetty-server-8.1.16.v20140903.jar:8.1.16.v20140903]
	at org.eclipse.jetty.util.component.AbstractLifeCycle.start(AbstractLifeCycle.java:64) [jetty-util-8.1.16.v20140903.jar:8.1.16.v20140903]
	at org.eclipse.jetty.server.handler.HandlerCollection.doStart(HandlerCollection.java:229) [jetty-server-8.1.16.v20140903.jar:8.1.16.v20140903]
	at org.eclipse.jetty.util.component.AbstractLifeCycle.start(AbstractLifeCycle.java:64) [jetty-util-8.1.16.v20140903.jar:8.1.16.v20140903]
	at org.eclipse.jetty.server.handler.HandlerWrapper.doStart(HandlerWrapper.java:95) [jetty-server-8.1.16.v20140903.jar:8.1.16.v20140903]
	at org.eclipse.jetty.server.Server.doStart(Server.java:282) [jetty-server-8.1.16.v20140903.jar:8.1.16.v20140903]
	at org.mortbay.jetty.plugin.JettyServer.doStart(JettyServer.java:65) [jetty-maven-plugin-8.1.16.v20140903.jar:8.1.16.v20140903]
	at org.eclipse.jetty.util.component.AbstractLifeCycle.start(AbstractLifeCycle.java:64) [jetty-util-8.1.16.v20140903.jar:8.1.16.v20140903]
	at org.mortbay.jetty.plugin.AbstractJettyMojo.startJetty(AbstractJettyMojo.java:520) [jetty-maven-plugin-8.1.16.v20140903.jar:8.1.16.v20140903]
	at org.mortbay.jetty.plugin.AbstractJettyMojo.execute(AbstractJettyMojo.java:365) [jetty-maven-plugin-8.1.16.v20140903.jar:8.1.16.v20140903]
	at org.mortbay.jetty.plugin.JettyRunMojo.execute(JettyRunMojo.java:523) [jetty-maven-plugin-8.1.16.v20140903.jar:8.1.16.v20140903]
	at org.apache.maven.plugin.DefaultBuildPluginManager.executeMojo(DefaultBuildPluginManager.java:101) [maven-core-3.0.4.jar:na]
	at org.apache.maven.lifecycle.internal.MojoExecutor.execute(MojoExecutor.java:209) [maven-core-3.0.4.jar:na]
	at org.apache.maven.lifecycle.internal.MojoExecutor.execute(MojoExecutor.java:153) [maven-core-3.0.4.jar:na]
	at org.apache.maven.lifecycle.internal.MojoExecutor.execute(MojoExecutor.java:145) [maven-core-3.0.4.jar:na]
	at org.apache.maven.lifecycle.internal.LifecycleModuleBuilder.buildProject(LifecycleModuleBuilder.java:84) [maven-core-3.0.4.jar:na]
	at org.apache.maven.lifecycle.internal.LifecycleModuleBuilder.buildProject(LifecycleModuleBuilder.java:59) [maven-core-3.0.4.jar:na]
	at org.apache.maven.lifecycle.internal.LifecycleStarter.singleThreadedBuild(LifecycleStarter.java:183) [maven-core-3.0.4.jar:na]
	at org.apache.maven.lifecycle.internal.LifecycleStarter.execute(LifecycleStarter.java:161) [maven-core-3.0.4.jar:na]
	at org.apache.maven.DefaultMaven.doExecute(DefaultMaven.java:320) [maven-core-3.0.4.jar:na]
	at org.apache.maven.DefaultMaven.execute(DefaultMaven.java:156) [maven-core-3.0.4.jar:na]
	at org.apache.maven.cli.MavenCli.execute(MavenCli.java:537) [maven-embedder-3.0.4.jar:na]
	at org.apache.maven.cli.MavenCli.doMain(MavenCli.java:196) [maven-embedder-3.0.4.jar:na]
	at org.apache.maven.cli.MavenCli.main(MavenCli.java:141) [maven-embedder-3.0.4.jar:na]
	at sun.reflect.NativeMethodAccessorImpl.invoke0(Native Method) ~[na:1.8.0_45]
	at sun.reflect.NativeMethodAccessorImpl.invoke(NativeMethodAccessorImpl.java:62) ~[na:1.8.0_45]
	at sun.reflect.DelegatingMethodAccessorImpl.invoke(DelegatingMethodAccessorImpl.java:43) ~[na:1.8.0_45]
	at java.lang.reflect.Method.invoke(Method.java:497) ~[na:1.8.0_45]
	at org.codehaus.plexus.classworlds.launcher.Launcher.launchEnhanced(Launcher.java:290) [plexus-classworlds2-2.4.jar:na]
	at org.codehaus.plexus.classworlds.launcher.Launcher.launch(Launcher.java:230) [plexus-classworlds2-2.4.jar:na]
	at org.codehaus.plexus.classworlds.launcher.Launcher.mainWithExitCode(Launcher.java:409) [plexus-classworlds2-2.4.jar:na]
	at org.codehaus.plexus.classworlds.launcher.Launcher.main(Launcher.java:352) [plexus-classworlds2-2.4.jar:na]
Caused by: java.lang.IllegalStateException: Cannot map handler 'activityController' to URL path [/update/{id}]: There is already handler of type [class hibernateactivity.web.ProjectsController] mapped.
	at org.springframework.web.servlet.handler.AbstractUrlHandlerMapping.registerHandler(AbstractUrlHandlerMapping.java:295) ~[spring-webmvc-4.1.7.RELEASE.jar:4.1.7.RELEASE]
	at org.springframework.web.servlet.handler.AbstractUrlHandlerMapping.registerHandler(AbstractUrlHandlerMapping.java:265) ~[spring-webmvc-4.1.7.RELEASE.jar:4.1.7.RELEASE]
	at org.springframework.web.servlet.handler.AbstractDetectingUrlHandlerMapping.detectHandlers(AbstractDetectingUrlHandlerMapping.java:82) ~[spring-webmvc-4.1.7.RELEASE.jar:4.1.7.RELEASE]
	at org.springframework.web.servlet.handler.AbstractDetectingUrlHandlerMapping.initApplicationContext(AbstractDetectingUrlHandlerMapping.java:58) ~[spring-webmvc-4.1.7.RELEASE.jar:4.1.7.RELEASE]
	at org.springframework.context.support.ApplicationObjectSupport.initApplicationContext(ApplicationObjectSupport.java:120) ~[spring-context-4.1.7.RELEASE.jar:4.1.7.RELEASE]
	at org.springframework.web.context.support.WebApplicationObjectSupport.initApplicationContext(WebApplicationObjectSupport.java:76) ~[spring-web-4.1.7.RELEASE.jar:4.1.7.RELEASE]
	at org.springframework.context.support.ApplicationObjectSupport.setApplicationContext(ApplicationObjectSupport.java:74) ~[spring-context-4.1.7.RELEASE.jar:4.1.7.RELEASE]
	at org.springframework.context.support.ApplicationContextAwareProcessor.invokeAwareInterfaces(ApplicationContextAwareProcessor.java:119) ~[spring-context-4.1.7.RELEASE.jar:4.1.7.RELEASE]
	at org.springframework.context.support.ApplicationContextAwareProcessor.postProcessBeforeInitialization(ApplicationContextAwareProcessor.java:94) ~[spring-context-4.1.7.RELEASE.jar:4.1.7.RELEASE]
	at org.springframework.beans.factory.support.AbstractAutowireCapableBeanFactory.applyBeanPostProcessorsBeforeInitialization(AbstractAutowireCapableBeanFactory.java:408) ~[spring-beans-4.1.7.RELEASE.jar:4.1.7.RELEASE]
	at org.springframework.beans.factory.support.AbstractAutowireCapableBeanFactory.initializeBean(AbstractAutowireCapableBeanFactory.java:1566) ~[spring-beans-4.1.7.RELEASE.jar:4.1.7.RELEASE]
	at org.springframework.beans.factory.support.AbstractAutowireCapableBeanFactory.doCreateBean(AbstractAutowireCapableBeanFactory.java:539) ~[spring-beans-4.1.7.RELEASE.jar:4.1.7.RELEASE]
	... 53 common frames omitted
2015-08-04 16:39:13 - Context initialization failed
org.springframework.beans.factory.BeanCreationException: Error creating bean with name 'handlerMapping' defined in ServletContext resource [/WEB-INF/HelloWeb-servlet.xml]: Initialization of bean failed; nested exception is java.lang.IllegalStateException: Cannot map handler 'activityController' to URL path [/update/{id}]: There is already handler of type [class hibernateactivity.web.ProjectsController] mapped.
	at org.springframework.beans.factory.support.AbstractAutowireCapableBeanFactory.doCreateBean(AbstractAutowireCapableBeanFactory.java:547) ~[spring-beans-4.1.7.RELEASE.jar:4.1.7.RELEASE]
	at org.springframework.beans.factory.support.AbstractAutowireCapableBeanFactory.createBean(AbstractAutowireCapableBeanFactory.java:476) ~[spring-beans-4.1.7.RELEASE.jar:4.1.7.RELEASE]
	at org.springframework.beans.factory.support.AbstractBeanFactory$1.getObject(AbstractBeanFactory.java:303) ~[spring-beans-4.1.7.RELEASE.jar:4.1.7.RELEASE]
	at org.springframework.beans.factory.support.DefaultSingletonBeanRegistry.getSingleton(DefaultSingletonBeanRegistry.java:230) ~[spring-beans-4.1.7.RELEASE.jar:4.1.7.RELEASE]
	at org.springframework.beans.factory.support.AbstractBeanFactory.doGetBean(AbstractBeanFactory.java:299) ~[spring-beans-4.1.7.RELEASE.jar:4.1.7.RELEASE]
	at org.springframework.beans.factory.support.AbstractBeanFactory.getBean(AbstractBeanFactory.java:194) ~[spring-beans-4.1.7.RELEASE.jar:4.1.7.RELEASE]
	at org.springframework.beans.factory.support.DefaultListableBeanFactory.preInstantiateSingletons(DefaultListableBeanFactory.java:755) ~[spring-beans-4.1.7.RELEASE.jar:4.1.7.RELEASE]
	at org.springframework.context.support.AbstractApplicationContext.finishBeanFactoryInitialization(AbstractApplicationContext.java:757) ~[spring-context-4.1.7.RELEASE.jar:4.1.7.RELEASE]
	at org.springframework.context.support.AbstractApplicationContext.refresh(AbstractApplicationContext.java:480) ~[spring-context-4.1.7.RELEASE.jar:4.1.7.RELEASE]
	at org.springframework.web.context.ContextLoader.configureAndRefreshWebApplicationContext(ContextLoader.java:434) ~[spring-web-4.1.7.RELEASE.jar:4.1.7.RELEASE]
	at org.springframework.web.context.ContextLoader.initWebApplicationContext(ContextLoader.java:306) ~[spring-web-4.1.7.RELEASE.jar:4.1.7.RELEASE]
	at org.springframework.web.context.ContextLoaderListener.contextInitialized(ContextLoaderListener.java:106) [spring-web-4.1.7.RELEASE.jar:4.1.7.RELEASE]
	at org.eclipse.jetty.server.handler.ContextHandler.callContextInitialized(ContextHandler.java:782) [jetty-server-8.1.16.v20140903.jar:8.1.16.v20140903]
	at org.eclipse.jetty.servlet.ServletContextHandler.callContextInitialized(ServletContextHandler.java:424) [jetty-servlet-8.1.16.v20140903.jar:8.1.16.v20140903]
	at org.eclipse.jetty.server.handler.ContextHandler.startContext(ContextHandler.java:774) [jetty-server-8.1.16.v20140903.jar:8.1.16.v20140903]
	at org.eclipse.jetty.servlet.ServletContextHandler.startContext(ServletContextHandler.java:249) [jetty-servlet-8.1.16.v20140903.jar:8.1.16.v20140903]
	at org.eclipse.jetty.webapp.WebAppContext.startContext(WebAppContext.java:1242) [jetty-webapp-8.1.16.v20140903.jar:8.1.16.v20140903]
	at org.eclipse.jetty.server.handler.ContextHandler.doStart(ContextHandler.java:717) [jetty-server-8.1.16.v20140903.jar:8.1.16.v20140903]
	at org.eclipse.jetty.webapp.WebAppContext.doStart(WebAppContext.java:494) [jetty-webapp-8.1.16.v20140903.jar:8.1.16.v20140903]
	at org.mortbay.jetty.plugin.JettyWebAppContext.doStart(JettyWebAppContext.java:298) [jetty-maven-plugin-8.1.16.v20140903.jar:8.1.16.v20140903]
	at org.eclipse.jetty.util.component.AbstractLifeCycle.start(AbstractLifeCycle.java:64) [jetty-util-8.1.16.v20140903.jar:8.1.16.v20140903]
	at org.eclipse.jetty.server.handler.HandlerCollection.doStart(HandlerCollection.java:229) [jetty-server-8.1.16.v20140903.jar:8.1.16.v20140903]
	at org.eclipse.jetty.server.handler.ContextHandlerCollection.doStart(ContextHandlerCollection.java:172) [jetty-server-8.1.16.v20140903.jar:8.1.16.v20140903]
	at org.eclipse.jetty.util.component.AbstractLifeCycle.start(AbstractLifeCycle.java:64) [jetty-util-8.1.16.v20140903.jar:8.1.16.v20140903]
	at org.eclipse.jetty.server.handler.HandlerCollection.doStart(HandlerCollection.java:229) [jetty-server-8.1.16.v20140903.jar:8.1.16.v20140903]
	at org.eclipse.jetty.util.component.AbstractLifeCycle.start(AbstractLifeCycle.java:64) [jetty-util-8.1.16.v20140903.jar:8.1.16.v20140903]
	at org.eclipse.jetty.server.handler.HandlerWrapper.doStart(HandlerWrapper.java:95) [jetty-server-8.1.16.v20140903.jar:8.1.16.v20140903]
	at org.eclipse.jetty.server.Server.doStart(Server.java:282) [jetty-server-8.1.16.v20140903.jar:8.1.16.v20140903]
	at org.mortbay.jetty.plugin.JettyServer.doStart(JettyServer.java:65) [jetty-maven-plugin-8.1.16.v20140903.jar:8.1.16.v20140903]
	at org.eclipse.jetty.util.component.AbstractLifeCycle.start(AbstractLifeCycle.java:64) [jetty-util-8.1.16.v20140903.jar:8.1.16.v20140903]
	at org.mortbay.jetty.plugin.AbstractJettyMojo.startJetty(AbstractJettyMojo.java:520) [jetty-maven-plugin-8.1.16.v20140903.jar:8.1.16.v20140903]
	at org.mortbay.jetty.plugin.AbstractJettyMojo.execute(AbstractJettyMojo.java:365) [jetty-maven-plugin-8.1.16.v20140903.jar:8.1.16.v20140903]
	at org.mortbay.jetty.plugin.JettyRunMojo.execute(JettyRunMojo.java:523) [jetty-maven-plugin-8.1.16.v20140903.jar:8.1.16.v20140903]
	at org.apache.maven.plugin.DefaultBuildPluginManager.executeMojo(DefaultBuildPluginManager.java:101) [maven-core-3.0.4.jar:na]
	at org.apache.maven.lifecycle.internal.MojoExecutor.execute(MojoExecutor.java:209) [maven-core-3.0.4.jar:na]
	at org.apache.maven.lifecycle.internal.MojoExecutor.execute(MojoExecutor.java:153) [maven-core-3.0.4.jar:na]
	at org.apache.maven.lifecycle.internal.MojoExecutor.execute(MojoExecutor.java:145) [maven-core-3.0.4.jar:na]
	at org.apache.maven.lifecycle.internal.LifecycleModuleBuilder.buildProject(LifecycleModuleBuilder.java:84) [maven-core-3.0.4.jar:na]
	at org.apache.maven.lifecycle.internal.LifecycleModuleBuilder.buildProject(LifecycleModuleBuilder.java:59) [maven-core-3.0.4.jar:na]
	at org.apache.maven.lifecycle.internal.LifecycleStarter.singleThreadedBuild(LifecycleStarter.java:183) [maven-core-3.0.4.jar:na]
	at org.apache.maven.lifecycle.internal.LifecycleStarter.execute(LifecycleStarter.java:161) [maven-core-3.0.4.jar:na]
	at org.apache.maven.DefaultMaven.doExecute(DefaultMaven.java:320) [maven-core-3.0.4.jar:na]
	at org.apache.maven.DefaultMaven.execute(DefaultMaven.java:156) [maven-core-3.0.4.jar:na]
	at org.apache.maven.cli.MavenCli.execute(MavenCli.java:537) [maven-embedder-3.0.4.jar:na]
	at org.apache.maven.cli.MavenCli.doMain(MavenCli.java:196) [maven-embedder-3.0.4.jar:na]
	at org.apache.maven.cli.MavenCli.main(MavenCli.java:141) [maven-embedder-3.0.4.jar:na]
	at sun.reflect.NativeMethodAccessorImpl.invoke0(Native Method) ~[na:1.8.0_45]
	at sun.reflect.NativeMethodAccessorImpl.invoke(NativeMethodAccessorImpl.java:62) ~[na:1.8.0_45]
	at sun.reflect.DelegatingMethodAccessorImpl.invoke(DelegatingMethodAccessorImpl.java:43) ~[na:1.8.0_45]
	at java.lang.reflect.Method.invoke(Method.java:497) ~[na:1.8.0_45]
	at org.codehaus.plexus.classworlds.launcher.Launcher.launchEnhanced(Launcher.java:290) [plexus-classworlds2-2.4.jar:na]
	at org.codehaus.plexus.classworlds.launcher.Launcher.launch(Launcher.java:230) [plexus-classworlds2-2.4.jar:na]
	at org.codehaus.plexus.classworlds.launcher.Launcher.mainWithExitCode(Launcher.java:409) [plexus-classworlds2-2.4.jar:na]
	at org.codehaus.plexus.classworlds.launcher.Launcher.main(Launcher.java:352) [plexus-classworlds2-2.4.jar:na]
Caused by: java.lang.IllegalStateException: Cannot map handler 'activityController' to URL path [/update/{id}]: There is already handler of type [class hibernateactivity.web.ProjectsController] mapped.
	at org.springframework.web.servlet.handler.AbstractUrlHandlerMapping.registerHandler(AbstractUrlHandlerMapping.java:295) ~[spring-webmvc-4.1.7.RELEASE.jar:4.1.7.RELEASE]
	at org.springframework.web.servlet.handler.AbstractUrlHandlerMapping.registerHandler(AbstractUrlHandlerMapping.java:265) ~[spring-webmvc-4.1.7.RELEASE.jar:4.1.7.RELEASE]
	at org.springframework.web.servlet.handler.AbstractDetectingUrlHandlerMapping.detectHandlers(AbstractDetectingUrlHandlerMapping.java:82) ~[spring-webmvc-4.1.7.RELEASE.jar:4.1.7.RELEASE]
	at org.springframework.web.servlet.handler.AbstractDetectingUrlHandlerMapping.initApplicationContext(AbstractDetectingUrlHandlerMapping.java:58) ~[spring-webmvc-4.1.7.RELEASE.jar:4.1.7.RELEASE]
	at org.springframework.context.support.ApplicationObjectSupport.initApplicationContext(ApplicationObjectSupport.java:120) ~[spring-context-4.1.7.RELEASE.jar:4.1.7.RELEASE]
	at org.springframework.web.context.support.WebApplicationObjectSupport.initApplicationContext(WebApplicationObjectSupport.java:76) ~[spring-web-4.1.7.RELEASE.jar:4.1.7.RELEASE]
	at org.springframework.context.support.ApplicationObjectSupport.setApplicationContext(ApplicationObjectSupport.java:74) ~[spring-context-4.1.7.RELEASE.jar:4.1.7.RELEASE]
	at org.springframework.context.support.ApplicationContextAwareProcessor.invokeAwareInterfaces(ApplicationContextAwareProcessor.java:119) ~[spring-context-4.1.7.RELEASE.jar:4.1.7.RELEASE]
	at org.springframework.context.support.ApplicationContextAwareProcessor.postProcessBeforeInitialization(ApplicationContextAwareProcessor.java:94) ~[spring-context-4.1.7.RELEASE.jar:4.1.7.RELEASE]
	at org.springframework.beans.factory.support.AbstractAutowireCapableBeanFactory.applyBeanPostProcessorsBeforeInitialization(AbstractAutowireCapableBeanFactory.java:408) ~[spring-beans-4.1.7.RELEASE.jar:4.1.7.RELEASE]
	at org.springframework.beans.factory.support.AbstractAutowireCapableBeanFactory.initializeBean(AbstractAutowireCapableBeanFactory.java:1566) ~[spring-beans-4.1.7.RELEASE.jar:4.1.7.RELEASE]
	at org.springframework.beans.factory.support.AbstractAutowireCapableBeanFactory.doCreateBean(AbstractAutowireCapableBeanFactory.java:539) ~[spring-beans-4.1.7.RELEASE.jar:4.1.7.RELEASE]
	... 53 common frames omitted
2015-08-04 16:41:37 - Update Person...
2015-08-04 16:41:43 - Neither BindingResult nor plain target object for bean name 'personForm' available as request attribute
java.lang.IllegalStateException: Neither BindingResult nor plain target object for bean name 'personForm' available as request attribute
	at org.springframework.web.servlet.support.BindStatus.<init>(BindStatus.java:144) ~[spring-webmvc-4.1.7.RELEASE.jar:4.1.7.RELEASE]
	at org.springframework.web.servlet.tags.form.AbstractDataBoundFormElementTag.getBindStatus(AbstractDataBoundFormElementTag.java:168) ~[spring-webmvc-4.1.7.RELEASE.jar:4.1.7.RELEASE]
	at org.springframework.web.servlet.tags.form.AbstractDataBoundFormElementTag.getPropertyPath(AbstractDataBoundFormElementTag.java:188) ~[spring-webmvc-4.1.7.RELEASE.jar:4.1.7.RELEASE]
	at org.springframework.web.servlet.tags.form.AbstractDataBoundFormElementTag.getName(AbstractDataBoundFormElementTag.java:154) ~[spring-webmvc-4.1.7.RELEASE.jar:4.1.7.RELEASE]
	at org.springframework.web.servlet.tags.form.AbstractDataBoundFormElementTag.autogenerateId(AbstractDataBoundFormElementTag.java:141) ~[spring-webmvc-4.1.7.RELEASE.jar:4.1.7.RELEASE]
	at org.springframework.web.servlet.tags.form.AbstractDataBoundFormElementTag.resolveId(AbstractDataBoundFormElementTag.java:132) ~[spring-webmvc-4.1.7.RELEASE.jar:4.1.7.RELEASE]
	at org.springframework.web.servlet.tags.form.AbstractDataBoundFormElementTag.writeDefaultAttributes(AbstractDataBoundFormElementTag.java:116) ~[spring-webmvc-4.1.7.RELEASE.jar:4.1.7.RELEASE]
	at org.springframework.web.servlet.tags.form.AbstractHtmlElementTag.writeDefaultAttributes(AbstractHtmlElementTag.java:422) ~[spring-webmvc-4.1.7.RELEASE.jar:4.1.7.RELEASE]
	at org.springframework.web.servlet.tags.form.HiddenInputTag.writeTagContent(HiddenInputTag.java:79) ~[spring-webmvc-4.1.7.RELEASE.jar:4.1.7.RELEASE]
	at org.springframework.web.servlet.tags.form.AbstractFormTag.doStartTagInternal(AbstractFormTag.java:84) ~[spring-webmvc-4.1.7.RELEASE.jar:4.1.7.RELEASE]
	at org.springframework.web.servlet.tags.RequestContextAwareTag.doStartTag(RequestContextAwareTag.java:80) ~[spring-webmvc-4.1.7.RELEASE.jar:4.1.7.RELEASE]
	at org.apache.jsp.WEB_002dINF.pages.updateform_jsp._jspx_meth_form_hidden_0(updateform_jsp.java:769) [na:na]
	at org.apache.jsp.WEB_002dINF.pages.updateform_jsp._jspService(updateform_jsp.java:169) [na:na]
	at org.apache.jasper.runtime.HttpJspBase.service(HttpJspBase.java:111) [org.apache.jasper.glassfish-2.2.2.v201112011158.jar:na]
	at javax.servlet.http.HttpServlet.service(HttpServlet.java:848) [javax.servlet-3.0.0.v201112011016.jar:na]
	at org.apache.jasper.servlet.JspServletWrapper.service(JspServletWrapper.java:403) [org.apache.jasper.glassfish-2.2.2.v201112011158.jar:na]
	at org.apache.jasper.servlet.JspServlet.serviceJspFile(JspServlet.java:492) [org.apache.jasper.glassfish-2.2.2.v201112011158.jar:na]
	at org.apache.jasper.servlet.JspServlet.service(JspServlet.java:378) [org.apache.jasper.glassfish-2.2.2.v201112011158.jar:na]
	at javax.servlet.http.HttpServlet.service(HttpServlet.java:848) [javax.servlet-3.0.0.v201112011016.jar:na]
	at org.eclipse.jetty.servlet.ServletHolder.handle(ServletHolder.java:684) [jetty-servlet-8.1.16.v20140903.jar:8.1.16.v20140903]
	at org.eclipse.jetty.servlet.ServletHandler.doHandle(ServletHandler.java:503) [jetty-servlet-8.1.16.v20140903.jar:8.1.16.v20140903]
	at org.eclipse.jetty.server.handler.ScopedHandler.handle(ScopedHandler.java:137) [jetty-server-8.1.16.v20140903.jar:8.1.16.v20140903]
	at org.eclipse.jetty.security.SecurityHandler.handle(SecurityHandler.java:575) [jetty-security-8.1.16.v20140903.jar:8.1.16.v20140903]
	at org.eclipse.jetty.server.session.SessionHandler.doHandle(SessionHandler.java:231) [jetty-server-8.1.16.v20140903.jar:8.1.16.v20140903]
	at org.eclipse.jetty.server.handler.ContextHandler.doHandle(ContextHandler.java:1086) [jetty-server-8.1.16.v20140903.jar:8.1.16.v20140903]
	at org.eclipse.jetty.servlet.ServletHandler.doScope(ServletHandler.java:429) [jetty-servlet-8.1.16.v20140903.jar:8.1.16.v20140903]
	at org.eclipse.jetty.server.session.SessionHandler.doScope(SessionHandler.java:193) [jetty-server-8.1.16.v20140903.jar:8.1.16.v20140903]
	at org.eclipse.jetty.server.handler.ContextHandler.doScope(ContextHandler.java:1020) [jetty-server-8.1.16.v20140903.jar:8.1.16.v20140903]
	at org.eclipse.jetty.server.handler.ScopedHandler.handle(ScopedHandler.java:135) [jetty-server-8.1.16.v20140903.jar:8.1.16.v20140903]
	at org.eclipse.jetty.server.Dispatcher.forward(Dispatcher.java:276) [jetty-server-8.1.16.v20140903.jar:8.1.16.v20140903]
	at org.eclipse.jetty.server.Dispatcher.forward(Dispatcher.java:103) [jetty-server-8.1.16.v20140903.jar:8.1.16.v20140903]
	at org.springframework.web.servlet.view.InternalResourceView.renderMergedOutputModel(InternalResourceView.java:168) [spring-webmvc-4.1.7.RELEASE.jar:4.1.7.RELEASE]
	at org.springframework.web.servlet.view.AbstractView.render(AbstractView.java:303) [spring-webmvc-4.1.7.RELEASE.jar:4.1.7.RELEASE]
	at org.springframework.web.servlet.DispatcherServlet.render(DispatcherServlet.java:1244) [spring-webmvc-4.1.7.RELEASE.jar:4.1.7.RELEASE]
	at org.springframework.web.servlet.DispatcherServlet.processDispatchResult(DispatcherServlet.java:1027) [spring-webmvc-4.1.7.RELEASE.jar:4.1.7.RELEASE]
	at org.springframework.web.servlet.DispatcherServlet.doDispatch(DispatcherServlet.java:971) [spring-webmvc-4.1.7.RELEASE.jar:4.1.7.RELEASE]
	at org.springframework.web.servlet.DispatcherServlet.doService(DispatcherServlet.java:893) [spring-webmvc-4.1.7.RELEASE.jar:4.1.7.RELEASE]
	at org.springframework.web.servlet.FrameworkServlet.processRequest(FrameworkServlet.java:967) [spring-webmvc-4.1.7.RELEASE.jar:4.1.7.RELEASE]
	at org.springframework.web.servlet.FrameworkServlet.doGet(FrameworkServlet.java:858) [spring-webmvc-4.1.7.RELEASE.jar:4.1.7.RELEASE]
	at javax.servlet.http.HttpServlet.service(HttpServlet.java:735) [javax.servlet-3.0.0.v201112011016.jar:na]
	at org.springframework.web.servlet.FrameworkServlet.service(FrameworkServlet.java:843) [spring-webmvc-4.1.7.RELEASE.jar:4.1.7.RELEASE]
	at javax.servlet.http.HttpServlet.service(HttpServlet.java:848) [javax.servlet-3.0.0.v201112011016.jar:na]
	at org.eclipse.jetty.servlet.ServletHolder.handle(ServletHolder.java:684) [jetty-servlet-8.1.16.v20140903.jar:8.1.16.v20140903]
	at org.eclipse.jetty.servlet.ServletHandler.doHandle(ServletHandler.java:503) [jetty-servlet-8.1.16.v20140903.jar:8.1.16.v20140903]
	at org.eclipse.jetty.server.handler.ScopedHandler.handle(ScopedHandler.java:137) [jetty-server-8.1.16.v20140903.jar:8.1.16.v20140903]
	at org.eclipse.jetty.security.SecurityHandler.handle(SecurityHandler.java:557) [jetty-security-8.1.16.v20140903.jar:8.1.16.v20140903]
	at org.eclipse.jetty.server.session.SessionHandler.doHandle(SessionHandler.java:231) [jetty-server-8.1.16.v20140903.jar:8.1.16.v20140903]
	at org.eclipse.jetty.server.handler.ContextHandler.doHandle(ContextHandler.java:1086) [jetty-server-8.1.16.v20140903.jar:8.1.16.v20140903]
	at org.eclipse.jetty.servlet.ServletHandler.doScope(ServletHandler.java:429) [jetty-servlet-8.1.16.v20140903.jar:8.1.16.v20140903]
	at org.eclipse.jetty.server.session.SessionHandler.doScope(SessionHandler.java:193) [jetty-server-8.1.16.v20140903.jar:8.1.16.v20140903]
	at org.eclipse.jetty.server.handler.ContextHandler.doScope(ContextHandler.java:1020) [jetty-server-8.1.16.v20140903.jar:8.1.16.v20140903]
	at org.eclipse.jetty.server.handler.ScopedHandler.handle(ScopedHandler.java:135) [jetty-server-8.1.16.v20140903.jar:8.1.16.v20140903]
	at org.eclipse.jetty.server.handler.ContextHandlerCollection.handle(ContextHandlerCollection.java:255) [jetty-server-8.1.16.v20140903.jar:8.1.16.v20140903]
	at org.eclipse.jetty.server.handler.HandlerCollection.handle(HandlerCollection.java:154) [jetty-server-8.1.16.v20140903.jar:8.1.16.v20140903]
	at org.eclipse.jetty.server.handler.HandlerWrapper.handle(HandlerWrapper.java:116) [jetty-server-8.1.16.v20140903.jar:8.1.16.v20140903]
	at org.eclipse.jetty.server.Server.handle(Server.java:370) [jetty-server-8.1.16.v20140903.jar:8.1.16.v20140903]
	at org.eclipse.jetty.server.AbstractHttpConnection.handleRequest(AbstractHttpConnection.java:494) [jetty-server-8.1.16.v20140903.jar:8.1.16.v20140903]
	at org.eclipse.jetty.server.AbstractHttpConnection.headerComplete(AbstractHttpConnection.java:971) [jetty-server-8.1.16.v20140903.jar:8.1.16.v20140903]
	at org.eclipse.jetty.server.AbstractHttpConnection$RequestHandler.headerComplete(AbstractHttpConnection.java:1033) [jetty-server-8.1.16.v20140903.jar:8.1.16.v20140903]
	at org.eclipse.jetty.http.HttpParser.parseNext(HttpParser.java:644) [jetty-http-8.1.16.v20140903.jar:8.1.16.v20140903]
	at org.eclipse.jetty.http.HttpParser.parseAvailable(HttpParser.java:235) [jetty-http-8.1.16.v20140903.jar:8.1.16.v20140903]
	at org.eclipse.jetty.server.AsyncHttpConnection.handle(AsyncHttpConnection.java:82) [jetty-server-8.1.16.v20140903.jar:8.1.16.v20140903]
	at org.eclipse.jetty.io.nio.SelectChannelEndPoint.handle(SelectChannelEndPoint.java:696) [jetty-io-8.1.16.v20140903.jar:8.1.16.v20140903]
	at org.eclipse.jetty.io.nio.SelectChannelEndPoint$1.run(SelectChannelEndPoint.java:53) [jetty-io-8.1.16.v20140903.jar:8.1.16.v20140903]
	at org.eclipse.jetty.util.thread.QueuedThreadPool.runJob(QueuedThreadPool.java:608) [jetty-util-8.1.16.v20140903.jar:8.1.16.v20140903]
	at org.eclipse.jetty.util.thread.QueuedThreadPool$3.run(QueuedThreadPool.java:543) [jetty-util-8.1.16.v20140903.jar:8.1.16.v20140903]
	at java.lang.Thread.run(Thread.java:745) [na:1.8.0_45]
2015-08-04 16:51:19 - Update Person...
2015-08-04 16:51:32 - Updating project..
2015-08-04 16:54:14 - Update Person...
2015-08-04 16:54:23 - Updating project..
2015-08-04 16:54:38 - Displaying projects...
2015-08-04 16:57:38 - Add Project Form...
2015-08-04 16:57:44 - Displaying projects...
2015-08-04 16:57:59 - Add Project Form...
2015-08-04 16:58:13 - Add Project Form...
2015-08-04 17:00:33 - Displaying projects...
2015-08-04 20:30:36 - displayPerson()
2015-08-04 20:30:55 - delete persons()
2015-08-04 20:31:02 - Displaying projects...
2015-08-04 20:31:06 - Add Project Form...
2015-08-04 20:31:17 - Displaying projects...
2015-08-04 20:34:15 - Displaying projects...
2015-08-04 20:34:19 - Displaying projects...
2015-08-04 20:51:36 - displayPerson()
2015-08-04 21:45:34 - displayPerson()
2015-08-04 21:45:51 - displayPerson()
2015-08-04 21:49:31 - displayPerson()
2015-08-04 21:49:52 - displayPerson()
2015-08-04 21:50:21 - displayPerson()
2015-08-04 21:50:34 - displayPerson()
2015-08-04 21:50:54 - displayPerson()
2015-08-04 21:51:14 - displayPerson()
2015-08-04 21:51:23 - displayPerson()
2015-08-04 21:51:50 - displayPerson()
2015-08-04 21:52:41 - displayPerson()
2015-08-04 21:54:30 - displayPerson()
2015-08-04 22:00:47 - displayPerson()
2015-08-04 22:01:05 - displayPerson()
2015-08-04 22:02:13 - displayPerson()
2015-08-04 22:02:16 - userForm()
2015-08-04 22:02:25 - userForm()
2015-08-04 22:02:31 - Searching Person...
2015-08-04 22:03:28 - Searching Person...
2015-08-04 22:03:38 - displayPerson()
2015-08-04 22:03:43 - userForm()
2015-08-04 22:03:53 - displayPerson()
2015-08-04 22:04:28 - Searching Person...
2015-08-04 22:05:11 - Searching Person...
2015-08-04 22:05:18 - displayPerson()
2015-08-04 22:05:27 - displayPerson()
2015-08-04 22:05:56 - Searching Person...
2015-08-04 22:09:32 - displayPerson()
2015-08-04 22:09:40 - displayPerson()
2015-08-04 22:10:03 - Searching Person...
2015-08-04 22:18:31 - displayPerson()
2015-08-04 22:19:13 - displayPerson()
2015-08-04 22:19:18 - displayPerson()
2015-08-04 23:07:37 - displayPerson()
2015-08-04 23:08:49 - displayPerson()
2015-08-04 23:09:06 - displayPerson()
2015-08-04 23:09:22 - displayPerson()
2015-08-04 23:09:36 - displayPerson()
2015-08-04 23:12:21 - displayPerson()
2015-08-04 23:12:52 - displayPerson()
2015-08-04 23:13:03 - displayPerson()
2015-08-04 23:20:28 - Displaying projects...
2015-08-04 23:20:35 - displayPerson()
2015-08-04 23:20:44 - displayPerson()
2015-08-04 23:21:13 - displayPerson()
2015-08-04 23:22:06 - displayPerson()
2015-08-04 23:22:16 - displayPerson()
2015-08-04 23:23:52 - displayPerson()
2015-08-04 23:24:05 - displayPerson()
2015-08-04 23:26:01 - displayPerson()
2015-08-04 23:26:08 - displayPerson()
2015-08-04 23:29:12 - displayPerson()
2015-08-04 23:29:19 - displayPerson()
2015-08-04 23:29:29 - displayPerson()
2015-08-04 23:31:40 - displayPerson()
2015-08-04 23:31:48 - displayPerson()
2015-08-04 23:33:20 - displayPerson()
2015-08-04 23:33:28 - displayPerson()
2015-08-04 23:33:41 - displayPerson()
2015-08-04 23:33:58 - displayPerson()
2015-08-04 23:34:46 - displayPerson()
2015-08-04 23:34:58 - displayPerson()
2015-08-04 23:36:17 - displayPerson()
2015-08-04 23:38:03 - displayPerson()
2015-08-04 23:40:28 - displayPerson()
2015-08-04 23:40:40 - deleting person
2015-08-04 23:42:06 - displayPerson()
2015-08-04 23:43:16 - displayPerson()
2015-08-04 23:44:59 - displayPerson()
2015-08-04 23:45:08 - displayPerson()
2015-08-04 23:45:28 - displayPerson()
2015-08-04 23:45:49 - displayPerson()
2015-08-04 23:46:08 - displayPerson()
2015-08-04 23:48:25 - displayPerson()
2015-08-04 23:48:33 - displayPerson()
2015-08-04 23:48:42 - displayPerson()
2015-08-04 23:49:18 - displayPerson()
2015-08-04 23:49:28 - displayPerson()
2015-08-04 23:49:38 - displayPerson()
2015-08-04 23:55:57 - displayPerson()
2015-08-04 23:56:01 - displayPerson()
2015-08-04 23:56:21 - displayPerson()
2015-08-04 23:57:17 - displayPerson()
2015-08-04 23:57:56 - displayPerson()
2015-08-04 23:58:30 - displayPerson()
2015-08-04 23:58:52 - displayPerson()
